2018-10-16 14:11:14.592088: I tensorflow/core/platform/cpu_feature_guard.cc:141] Your CPU supports instructions that this TensorFlow binary was not compiled to use: AVX2 FMA
2018-10-16 14:11:16.101775: I tensorflow/core/common_runtime/gpu/gpu_device.cc:1405] Found device 0 with properties: 
name: GeForce GTX 1080 Ti major: 6 minor: 1 memoryClockRate(GHz): 1.582
pciBusID: 0000:02:00.0
totalMemory: 10.91GiB freeMemory: 10.75GiB
2018-10-16 14:11:16.309811: I tensorflow/core/common_runtime/gpu/gpu_device.cc:1405] Found device 1 with properties: 
name: GeForce GTX 1080 Ti major: 6 minor: 1 memoryClockRate(GHz): 1.582
pciBusID: 0000:03:00.0
totalMemory: 10.91GiB freeMemory: 10.75GiB
2018-10-16 14:11:16.321008: I tensorflow/core/common_runtime/gpu/gpu_device.cc:1484] Adding visible gpu devices: 0, 1
2018-10-16 14:11:21.693745: I tensorflow/core/common_runtime/gpu/gpu_device.cc:965] Device interconnect StreamExecutor with strength 1 edge matrix:
2018-10-16 14:11:21.693797: I tensorflow/core/common_runtime/gpu/gpu_device.cc:971]      0 1 
2018-10-16 14:11:21.693810: I tensorflow/core/common_runtime/gpu/gpu_device.cc:984] 0:   N Y 
2018-10-16 14:11:21.693819: I tensorflow/core/common_runtime/gpu/gpu_device.cc:984] 1:   Y N 
2018-10-16 14:11:21.700993: I tensorflow/core/common_runtime/gpu/gpu_device.cc:1097] Created TensorFlow device (/job:localhost/replica:0/task:0/device:GPU:0 with 6702 MB memory) -> physical GPU (device: 0, name: GeForce GTX 1080 Ti, pci bus id: 0000:02:00.0, compute capability: 6.1)
2018-10-16 14:11:21.702071: I tensorflow/core/common_runtime/gpu/gpu_device.cc:1097] Created TensorFlow device (/job:localhost/replica:0/task:0/device:GPU:1 with 6703 MB memory) -> physical GPU (device: 1, name: GeForce GTX 1080 Ti, pci bus id: 0000:03:00.0, compute capability: 6.1)
Epoch 1/50
Found 66 images belonging to 1 classes.
Found 638 images belonging to 1 classes.
Found 66 images belonging to 1 classes.
Found 638 images belonging to 1 classes.

 1/80 [..............................] - ETA: 17:06 - loss: 0.4056 - acc: 0.8778 - dice: 0.7088 - iou: 0.5875
 2/80 [..............................] - ETA: 8:38 - loss: 0.4047 - acc: 0.8732 - dice: 0.7487 - iou: 0.6671 
 3/80 [>.............................] - ETA: 5:48 - loss: 0.3896 - acc: 0.8738 - dice: 0.7543 - iou: 0.6850
 4/80 [>.............................] - ETA: 4:23 - loss: 0.3792 - acc: 0.8754 - dice: 0.7575 - iou: 0.6856
 5/80 [>.............................] - ETA: 3:43 - loss: 0.3815 - acc: 0.8724 - dice: 0.7541 - iou: 0.6846
 6/80 [=>............................] - ETA: 3:34 - loss: 0.3677 - acc: 0.8740 - dice: 0.7533 - iou: 0.6920
 7/80 [=>............................] - ETA: 3:28 - loss: 0.3657 - acc: 0.8736 - dice: 0.7578 - iou: 0.7028
 8/80 [==>...........................] - ETA: 3:20 - loss: 0.3729 - acc: 0.8700 - dice: 0.7587 - iou: 0.7043
 9/80 [==>...........................] - ETA: 3:17 - loss: 0.3685 - acc: 0.8703 - dice: 0.7609 - iou: 0.71422018-10-16 14:14:27.172940: I tensorflow/core/platform/cpu_feature_guard.cc:141] Your CPU supports instructions that this TensorFlow binary was not compiled to use: AVX2 FMA
2018-10-16 14:14:27.968814: I tensorflow/core/common_runtime/gpu/gpu_device.cc:1405] Found device 0 with properties: 
name: GeForce GTX 1080 Ti major: 6 minor: 1 memoryClockRate(GHz): 1.582
pciBusID: 0000:03:00.0
totalMemory: 10.91GiB freeMemory: 10.75GiB
2018-10-16 14:14:27.968864: I tensorflow/core/common_runtime/gpu/gpu_device.cc:1484] Adding visible gpu devices: 0
2018-10-16 14:14:28.349146: I tensorflow/core/common_runtime/gpu/gpu_device.cc:965] Device interconnect StreamExecutor with strength 1 edge matrix:
2018-10-16 14:14:28.349192: I tensorflow/core/common_runtime/gpu/gpu_device.cc:971]      0 
2018-10-16 14:14:28.349205: I tensorflow/core/common_runtime/gpu/gpu_device.cc:984] 0:   N 
2018-10-16 14:14:28.349600: I tensorflow/core/common_runtime/gpu/gpu_device.cc:1097] Created TensorFlow device (/job:localhost/replica:0/task:0/device:GPU:0 with 4468 MB memory) -> physical GPU (device: 0, name: GeForce GTX 1080 Ti, pci bus id: 0000:03:00.0, compute capability: 6.1)
2018-10-16 14:14:40.728025: W tensorflow/core/common_runtime/bfc_allocator.cc:219] Allocator (GPU_0_bfc) ran out of memory trying to allocate 2.17GiB. The caller indicates that this is not a failure, but may mean that there could be performance gains if more memory were available.
2018-10-16 14:14:40.788150: W tensorflow/core/common_runtime/bfc_allocator.cc:219] Allocator (GPU_0_bfc) ran out of memory trying to allocate 2.22GiB. The caller indicates that this is not a failure, but may mean that there could be performance gains if more memory were available.
2018-10-16 14:14:40.827890: W tensorflow/core/common_runtime/bfc_allocator.cc:219] Allocator (GPU_0_bfc) ran out of memory trying to allocate 2.22GiB. The caller indicates that this is not a failure, but may mean that there could be performance gains if more memory were available.
2018-10-16 14:14:41.070671: W tensorflow/core/common_runtime/bfc_allocator.cc:219] Allocator (GPU_0_bfc) ran out of memory trying to allocate 1.00GiB. The caller indicates that this is not a failure, but may mean that there could be performance gains if more memory were available.
2018-10-16 14:14:41.118233: W tensorflow/core/common_runtime/bfc_allocator.cc:219] Allocator (GPU_0_bfc) ran out of memory trying to allocate 2.25GiB. The caller indicates that this is not a failure, but may mean that there could be performance gains if more memory were available.
2018-10-16 14:14:41.138316: W tensorflow/core/common_runtime/bfc_allocator.cc:219] Allocator (GPU_0_bfc) ran out of memory trying to allocate 1.69GiB. The caller indicates that this is not a failure, but may mean that there could be performance gains if more memory were available.
2018-10-16 14:14:41.155998: W tensorflow/core/common_runtime/bfc_allocator.cc:219] Allocator (GPU_0_bfc) ran out of memory trying to allocate 1.12GiB. The caller indicates that this is not a failure, but may mean that there could be performance gains if more memory were available.
2018-10-16 14:14:41.290853: W tensorflow/core/common_runtime/bfc_allocator.cc:219] Allocator (GPU_0_bfc) ran out of memory trying to allocate 1.12GiB. The caller indicates that this is not a failure, but may mean that there could be performance gains if more memory were available.
2018-10-16 14:14:41.329774: W tensorflow/core/common_runtime/bfc_allocator.cc:219] Allocator (GPU_0_bfc) ran out of memory trying to allocate 865.12MiB. The caller indicates that this is not a failure, but may mean that there could be performance gains if more memory were available.
2018-10-16 14:14:41.393759: W tensorflow/core/common_runtime/bfc_allocator.cc:219] Allocator (GPU_0_bfc) ran out of memory trying to allocate 1.69GiB. The caller indicates that this is not a failure, but may mean that there could be performance gains if more memory were available.
Epoch 1/50
Found 66 images belonging to 1 classes.
Found 638 images belonging to 1 classes.
Found 66 images belonging to 1 classes.
Found 638 images belonging to 1 classes.

 1/80 [..............................] - ETA: 13:24 - loss: 0.5466 - acc: 0.8138 - dice: 0.5800 - iou: 0.4879
 2/80 [..............................] - ETA: 6:48 - loss: 0.6818 - acc: 0.8023 - dice: 0.5930 - iou: 0.4748 
 3/80 [>.............................] - ETA: 4:36 - loss: 0.5889 - acc: 0.8134 - dice: 0.6220 - iou: 0.5250
 4/80 [>.............................] - ETA: 3:30 - loss: 0.5397 - acc: 0.8248 - dice: 0.6503 - iou: 0.5542
 5/80 [>.............................] - ETA: 3:07 - loss: 0.5333 - acc: 0.8171 - dice: 0.6442 - iou: 0.5616
 6/80 [=>............................] - ETA: 3:07 - loss: 0.5230 - acc: 0.8112 - dice: 0.6298 - iou: 0.5516
 7/80 [=>............................] - ETA: 3:05 - loss: 0.5212 - acc: 0.8141 - dice: 0.6416 - iou: 0.5545
 8/80 [==>...........................] - ETA: 2:57 - loss: 0.5137 - acc: 0.8154 - dice: 0.6510 - iou: 0.5624
 9/80 [==>...........................] - ETA: 2:57 - loss: 0.5049 - acc: 0.8114 - dice: 0.6489 - iou: 0.5698
10/80 [==>...........................] - ETA: 2:52 - loss: 0.4997 - acc: 0.8098 - dice: 0.6493 - iou: 0.5737
11/80 [===>..........................] - ETA: 2:49 - loss: 0.4890 - acc: 0.8108 - dice: 0.6551 - iou: 0.5910
12/80 [===>..........................] - ETA: 2:45 - loss: 0.4769 - acc: 0.8129 - dice: 0.6590 - iou: 0.6094
13/80 [===>..........................] - ETA: 2:41 - loss: 0.4694 - acc: 0.8132 - dice: 0.6634 - iou: 0.6277
14/80 [====>.........................] - ETA: 2:37 - loss: 0.4652 - acc: 0.8134 - dice: 0.6673 - iou: 0.6335
15/80 [====>.........................] - ETA: 2:34 - loss: 0.4626 - acc: 0.8117 - dice: 0.6684 - iou: 0.6434
16/80 [=====>........................] - ETA: 2:32 - loss: 0.4596 - acc: 0.8113 - dice: 0.6691 - iou: 0.6476
17/80 [=====>........................] - ETA: 2:28 - loss: 0.4549 - acc: 0.8130 - dice: 0.6721 - iou: 0.6478
18/80 [=====>........................] - ETA: 2:27 - loss: 0.4509 - acc: 0.8119 - dice: 0.6718 - iou: 0.6588
19/80 [======>.......................] - ETA: 2:23 - loss: 0.4477 - acc: 0.8131 - dice: 0.6756 - iou: 0.6626
20/80 [======>.......................] - ETA: 2:21 - loss: 0.4469 - acc: 0.8140 - dice: 0.6788 - iou: 0.6639
21/80 [======>.......................] - ETA: 2:19 - loss: 0.4432 - acc: 0.8139 - dice: 0.6779 - iou: 0.6677
22/80 [=======>......................] - ETA: 2:17 - loss: 0.4385 - acc: 0.8165 - dice: 0.6811 - iou: 0.6714
23/80 [=======>......................] - ETA: 2:13 - loss: 0.4367 - acc: 0.8167 - dice: 0.6814 - iou: 0.6728
24/80 [========>.....................] - ETA: 2:10 - loss: 0.4366 - acc: 0.8160 - dice: 0.6811 - iou: 0.6705
25/80 [========>.....................] - ETA: 2:09 - loss: 0.4347 - acc: 0.8165 - dice: 0.6806 - iou: 0.6714
26/80 [========>.....................] - ETA: 2:07 - loss: 0.4311 - acc: 0.8177 - dice: 0.6817 - iou: 0.6731
27/80 [=========>....................] - ETA: 2:04 - loss: 0.4294 - acc: 0.8190 - dice: 0.6832 - iou: 0.6728
28/80 [=========>....................] - ETA: 2:02 - loss: 0.4280 - acc: 0.8200 - dice: 0.6842 - iou: 0.6701
29/80 [=========>....................] - ETA: 2:00 - loss: 0.4260 - acc: 0.8206 - dice: 0.6847 - iou: 0.6685
30/80 [==========>...................] - ETA: 1:58 - loss: 0.4236 - acc: 0.8215 - dice: 0.6848 - iou: 0.6670
31/80 [==========>...................] - ETA: 1:57 - loss: 0.4235 - acc: 0.8215 - dice: 0.6840 - iou: 0.6651
32/80 [===========>..................] - ETA: 1:54 - loss: 0.4206 - acc: 0.8232 - dice: 0.6860 - iou: 0.6655
33/80 [===========>..................] - ETA: 1:52 - loss: 0.4182 - acc: 0.8250 - dice: 0.6891 - iou: 0.6670
34/80 [===========>..................] - ETA: 1:49 - loss: 0.4162 - acc: 0.8258 - dice: 0.6897 - iou: 0.6669
35/80 [============>.................] - ETA: 1:46 - loss: 0.4146 - acc: 0.8267 - dice: 0.6907 - iou: 0.6660
36/80 [============>.................] - ETA: 1:43 - loss: 0.4114 - acc: 0.8288 - dice: 0.6941 - iou: 0.6677
37/80 [============>.................] - ETA: 1:41 - loss: 0.4091 - acc: 0.8303 - dice: 0.6955 - iou: 0.6652
38/80 [=============>................] - ETA: 1:39 - loss: 0.4078 - acc: 0.8310 - dice: 0.6953 - iou: 0.6610
39/80 [=============>................] - ETA: 1:37 - loss: 0.4063 - acc: 0.8317 - dice: 0.6958 - iou: 0.6600
40/80 [==============>...............] - ETA: 1:35 - loss: 0.4056 - acc: 0.8323 - dice: 0.6962 - iou: 0.6567
41/80 [==============>...............] - ETA: 1:32 - loss: 0.4046 - acc: 0.8329 - dice: 0.6950 - iou: 0.6515
42/80 [==============>...............] - ETA: 1:30 - loss: 0.4043 - acc: 0.8334 - dice: 0.6955 - iou: 0.6489
43/80 [===============>..............] - ETA: 1:28 - loss: 0.4033 - acc: 0.8341 - dice: 0.6963 - iou: 0.6467
44/80 [===============>..............] - ETA: 1:26 - loss: 0.4022 - acc: 0.8350 - dice: 0.6972 - iou: 0.6454
45/80 [===============>..............] - ETA: 1:23 - loss: 0.4009 - acc: 0.8355 - dice: 0.6972 - iou: 0.6433
46/80 [================>.............] - ETA: 1:21 - loss: 0.3987 - acc: 0.8369 - dice: 0.6992 - iou: 0.6448
47/80 [================>.............] - ETA: 1:19 - loss: 0.3991 - acc: 0.8368 - dice: 0.6983 - iou: 0.6410
48/80 [=================>............] - ETA: 1:16 - loss: 0.3983 - acc: 0.8376 - dice: 0.6992 - iou: 0.6396
49/80 [=================>............] - ETA: 1:14 - loss: 0.3969 - acc: 0.8381 - dice: 0.6994 - iou: 0.6388
50/80 [=================>............] - ETA: 1:12 - loss: 0.3952 - acc: 0.8389 - dice: 0.7003 - iou: 0.6398
51/80 [==================>...........] - ETA: 1:09 - loss: 0.3946 - acc: 0.8392 - dice: 0.7005 - iou: 0.6404
52/80 [==================>...........] - ETA: 1:07 - loss: 0.3941 - acc: 0.8394 - dice: 0.7007 - iou: 0.6395
53/80 [==================>...........] - ETA: 1:05 - loss: 0.3940 - acc: 0.8393 - dice: 0.6998 - iou: 0.6362
54/80 [===================>..........] - ETA: 1:02 - loss: 0.3944 - acc: 0.8396 - dice: 0.6998 - iou: 0.6332
55/80 [===================>..........] - ETA: 1:00 - loss: 0.3935 - acc: 0.8401 - dice: 0.7004 - iou: 0.6326
56/80 [====================>.........] - ETA: 57s - loss: 0.3919 - acc: 0.8406 - dice: 0.7005 - iou: 0.6339 
57/80 [====================>.........] - ETA: 55s - loss: 0.3914 - acc: 0.8407 - dice: 0.7003 - iou: 0.6337
58/80 [====================>.........] - ETA: 53s - loss: 0.3899 - acc: 0.8411 - dice: 0.7001 - iou: 0.6337
59/80 [=====================>........] - ETA: 50s - loss: 0.3894 - acc: 0.8413 - dice: 0.6999 - iou: 0.6333
60/80 [=====================>........] - ETA: 48s - loss: 0.3887 - acc: 0.8414 - dice: 0.6995 - iou: 0.6323
61/80 [=====================>........] - ETA: 46s - loss: 0.3891 - acc: 0.8413 - dice: 0.6993 - iou: 0.6308
62/80 [======================>.......] - ETA: 43s - loss: 0.3883 - acc: 0.8416 - dice: 0.6994 - iou: 0.6306
63/80 [======================>.......] - ETA: 41s - loss: 0.3874 - acc: 0.8420 - dice: 0.6998 - iou: 0.6313
64/80 [=======================>......] - ETA: 38s - loss: 0.3868 - acc: 0.8424 - dice: 0.7005 - iou: 0.6322
65/80 [=======================>......] - ETA: 36s - loss: 0.3868 - acc: 0.8422 - dice: 0.6996 - iou: 0.6307
66/80 [=======================>......] - ETA: 33s - loss: 0.3872 - acc: 0.8424 - dice: 0.7000 - iou: 0.6294
67/80 [========================>.....] - ETA: 31s - loss: 0.3869 - acc: 0.8425 - dice: 0.6997 - iou: 0.6276
68/80 [========================>.....] - ETA: 29s - loss: 0.3864 - acc: 0.8426 - dice: 0.6990 - iou: 0.6261
69/80 [========================>.....] - ETA: 26s - loss: 0.3863 - acc: 0.8424 - dice: 0.6984 - iou: 0.6245
70/80 [=========================>....] - ETA: 24s - loss: 0.3869 - acc: 0.8423 - dice: 0.6985 - iou: 0.6239
71/80 [=========================>....] - ETA: 21s - loss: 0.3860 - acc: 0.8429 - dice: 0.6998 - iou: 0.6244
72/80 [==========================>...] - ETA: 19s - loss: 0.3863 - acc: 0.8428 - dice: 0.6994 - iou: 0.6245
73/80 [==========================>...] - ETA: 17s - loss: 0.3859 - acc: 0.8430 - dice: 0.6999 - iou: 0.6243
74/80 [==========================>...] - ETA: 14s - loss: 0.3855 - acc: 0.8430 - dice: 0.6997 - iou: 0.6241
75/80 [===========================>..] - ETA: 12s - loss: 0.3847 - acc: 0.8434 - dice: 0.6998 - iou: 0.6239
76/80 [===========================>..] - ETA: 9s - loss: 0.3844 - acc: 0.8436 - dice: 0.7000 - iou: 0.6237 
77/80 [===========================>..] - ETA: 7s - loss: 0.3842 - acc: 0.8437 - dice: 0.7001 - iou: 0.6231
78/80 [============================>.] - ETA: 4s - loss: 0.3843 - acc: 0.8436 - dice: 0.6996 - iou: 0.6219
79/80 [============================>.] - ETA: 2s - loss: 0.3838 - acc: 0.8440 - dice: 0.7003 - iou: 0.6217
80/80 [==============================] - 340s 4s/step - loss: 0.3831 - acc: 0.8443 - dice: 0.7006 - iou: 0.6222 - val_loss: 0.2840 - val_acc: 0.9181 - val_dice: 0.8096 - val_iou: 0.5710

Epoch 00001: val_loss improved from inf to 0.28401, saving model to unet_lung_1016.hdf5
Epoch 2/50

 1/80 [..............................] - ETA: 23s - loss: 0.2946 - acc: 0.9182 - dice: 0.8084 - iou: 0.6690
 2/80 [..............................] - ETA: 22s - loss: 0.3156 - acc: 0.8945 - dice: 0.7728 - iou: 0.6224
 3/80 [>.............................] - ETA: 22s - loss: 0.3065 - acc: 0.8989 - dice: 0.7830 - iou: 0.6450
 4/80 [>.............................] - ETA: 22s - loss: 0.3069 - acc: 0.8933 - dice: 0.7609 - iou: 0.6144
 5/80 [>.............................] - ETA: 22s - loss: 0.3226 - acc: 0.8800 - dice: 0.7297 - iou: 0.5840
 6/80 [=>............................] - ETA: 21s - loss: 0.3244 - acc: 0.8799 - dice: 0.7349 - iou: 0.5879
 7/80 [=>............................] - ETA: 21s - loss: 0.3252 - acc: 0.8767 - dice: 0.7237 - iou: 0.5704
 8/80 [==>...........................] - ETA: 21s - loss: 0.3386 - acc: 0.8731 - dice: 0.7266 - iou: 0.5669
 9/80 [==>...........................] - ETA: 20s - loss: 0.3357 - acc: 0.8740 - dice: 0.7265 - iou: 0.5622
10/80 [==>...........................] - ETA: 20s - loss: 0.3349 - acc: 0.8744 - dice: 0.7279 - iou: 0.5615
11/80 [===>..........................] - ETA: 20s - loss: 0.3337 - acc: 0.8753 - dice: 0.7313 - iou: 0.5647
12/80 [===>..........................] - ETA: 20s - loss: 0.3306 - acc: 0.8763 - dice: 0.7271 - iou: 0.5614
13/80 [===>..........................] - ETA: 26s - loss: 0.3321 - acc: 0.8741 - dice: 0.7230 - iou: 0.5560
14/80 [====>.........................] - ETA: 35s - loss: 0.3305 - acc: 0.8748 - dice: 0.7223 - iou: 0.5593
15/80 [====>.........................] - ETA: 41s - loss: 0.3296 - acc: 0.8757 - dice: 0.7258 - iou: 0.5638
16/80 [=====>........................] - ETA: 46s - loss: 0.3294 - acc: 0.8763 - dice: 0.7279 - iou: 0.5641
17/80 [=====>........................] - ETA: 52s - loss: 0.3296 - acc: 0.8765 - dice: 0.7281 - iou: 0.5650
18/80 [=====>........................] - ETA: 55s - loss: 0.3307 - acc: 0.8755 - dice: 0.7276 - iou: 0.5662
19/80 [======>.......................] - ETA: 57s - loss: 0.3309 - acc: 0.8749 - dice: 0.7264 - iou: 0.5659
20/80 [======>.......................] - ETA: 1:01 - loss: 0.3325 - acc: 0.8747 - dice: 0.7279 - iou: 0.5684
21/80 [======>.......................] - ETA: 1:02 - loss: 0.3304 - acc: 0.8753 - dice: 0.7274 - iou: 0.5695
22/80 [=======>......................] - ETA: 1:04 - loss: 0.3274 - acc: 0.8792 - dice: 0.7364 - iou: 0.5831
23/80 [=======>......................] - ETA: 1:05 - loss: 0.3248 - acc: 0.8827 - dice: 0.7447 - iou: 0.5963
24/80 [========>.....................] - ETA: 1:07 - loss: 0.3216 - acc: 0.8861 - dice: 0.7523 - iou: 0.6078
25/80 [========>.....................] - ETA: 1:08 - loss: 0.3196 - acc: 0.8885 - dice: 0.7582 - iou: 0.6141
26/80 [========>.....................] - ETA: 1:08 - loss: 0.3168 - acc: 0.8911 - dice: 0.7640 - iou: 0.6215
27/80 [=========>....................] - ETA: 1:08 - loss: 0.3146 - acc: 0.8935 - dice: 0.7696 - iou: 0.6269
28/80 [=========>....................] - ETA: 1:09 - loss: 0.3120 - acc: 0.8958 - dice: 0.7745 - iou: 0.6313
29/80 [=========>....................] - ETA: 1:09 - loss: 0.3096 - acc: 0.8975 - dice: 0.7782 - iou: 0.6331
30/80 [==========>...................] - ETA: 1:09 - loss: 0.3079 - acc: 0.8990 - dice: 0.7819 - iou: 0.6347
31/80 [==========>...................] - ETA: 1:08 - loss: 0.3070 - acc: 0.8998 - dice: 0.7838 - iou: 0.6336
32/80 [===========>..................] - ETA: 1:08 - loss: 0.3048 - acc: 0.9011 - dice: 0.7864 - iou: 0.6339
33/80 [===========>..................] - ETA: 1:08 - loss: 0.3034 - acc: 0.9020 - dice: 0.7882 - iou: 0.6329
34/80 [===========>..................] - ETA: 1:07 - loss: 0.3018 - acc: 0.9031 - dice: 0.7908 - iou: 0.6339
35/80 [============>.................] - ETA: 1:06 - loss: 0.3001 - acc: 0.9038 - dice: 0.7920 - iou: 0.6320
36/80 [============>.................] - ETA: 1:06 - loss: 0.2979 - acc: 0.9051 - dice: 0.7941 - iou: 0.6328
37/80 [============>.................] - ETA: 1:05 - loss: 0.2960 - acc: 0.9063 - dice: 0.7968 - iou: 0.6344
38/80 [=============>................] - ETA: 1:04 - loss: 0.2934 - acc: 0.9078 - dice: 0.7997 - iou: 0.6377
39/80 [=============>................] - ETA: 1:03 - loss: 0.2926 - acc: 0.9088 - dice: 0.8024 - iou: 0.6403
40/80 [==============>...............] - ETA: 1:02 - loss: 0.2906 - acc: 0.9101 - dice: 0.8052 - iou: 0.6434
41/80 [==============>...............] - ETA: 1:01 - loss: 0.2890 - acc: 0.9114 - dice: 0.8080 - iou: 0.6466
42/80 [==============>...............] - ETA: 1:00 - loss: 0.2882 - acc: 0.9124 - dice: 0.8104 - iou: 0.6489
43/80 [===============>..............] - ETA: 59s - loss: 0.2858 - acc: 0.9138 - dice: 0.8132 - iou: 0.6531 
44/80 [===============>..............] - ETA: 58s - loss: 0.2844 - acc: 0.9147 - dice: 0.8151 - iou: 0.6548
45/80 [===============>..............] - ETA: 57s - loss: 0.2830 - acc: 0.9158 - dice: 0.8174 - iou: 0.6581
46/80 [================>.............] - ETA: 56s - loss: 0.2825 - acc: 0.9166 - dice: 0.8193 - iou: 0.6602
47/80 [================>.............] - ETA: 55s - loss: 0.2813 - acc: 0.9173 - dice: 0.8209 - iou: 0.6619
48/80 [=================>............] - ETA: 53s - loss: 0.2800 - acc: 0.9181 - dice: 0.8227 - iou: 0.6639
49/80 [=================>............] - ETA: 52s - loss: 0.2786 - acc: 0.9191 - dice: 0.8247 - iou: 0.6669
50/80 [=================>............] - ETA: 51s - loss: 0.2783 - acc: 0.9197 - dice: 0.8264 - iou: 0.6692
51/80 [==================>...........] - ETA: 50s - loss: 0.2771 - acc: 0.9206 - dice: 0.8283 - iou: 0.6725
52/80 [==================>...........] - ETA: 48s - loss: 0.2770 - acc: 0.9212 - dice: 0.8300 - iou: 0.6754
53/80 [==================>...........] - ETA: 47s - loss: 0.2757 - acc: 0.9221 - dice: 0.8318 - iou: 0.6789
54/80 [===================>..........] - ETA: 45s - loss: 0.2752 - acc: 0.9227 - dice: 0.8333 - iou: 0.6811
55/80 [===================>..........] - ETA: 44s - loss: 0.2747 - acc: 0.9234 - dice: 0.8351 - iou: 0.6839
56/80 [====================>.........] - ETA: 42s - loss: 0.2737 - acc: 0.9242 - dice: 0.8369 - iou: 0.6871
57/80 [====================>.........] - ETA: 41s - loss: 0.2728 - acc: 0.9249 - dice: 0.8385 - iou: 0.6901
58/80 [====================>.........] - ETA: 39s - loss: 0.2730 - acc: 0.9254 - dice: 0.8399 - iou: 0.6919
59/80 [=====================>........] - ETA: 37s - loss: 0.2724 - acc: 0.9259 - dice: 0.8413 - iou: 0.6943
60/80 [=====================>........] - ETA: 36s - loss: 0.2712 - acc: 0.9267 - dice: 0.8428 - iou: 0.6973
61/80 [=====================>........] - ETA: 34s - loss: 0.2704 - acc: 0.9272 - dice: 0.8441 - iou: 0.6990
62/80 [======================>.......] - ETA: 32s - loss: 0.2702 - acc: 0.9276 - dice: 0.8451 - iou: 0.7002
63/80 [======================>.......] - ETA: 30s - loss: 0.2691 - acc: 0.9282 - dice: 0.8463 - iou: 0.7022
64/80 [=======================>......] - ETA: 29s - loss: 0.2680 - acc: 0.9289 - dice: 0.8477 - iou: 0.7048
65/80 [=======================>......] - ETA: 27s - loss: 0.2674 - acc: 0.9294 - dice: 0.8489 - iou: 0.7068
66/80 [=======================>......] - ETA: 25s - loss: 0.2662 - acc: 0.9299 - dice: 0.8498 - iou: 0.7086
67/80 [========================>.....] - ETA: 23s - loss: 0.2652 - acc: 0.9304 - dice: 0.8508 - iou: 0.7100
68/80 [========================>.....] - ETA: 21s - loss: 0.2649 - acc: 0.9309 - dice: 0.8520 - iou: 0.7117
69/80 [========================>.....] - ETA: 20s - loss: 0.2644 - acc: 0.9312 - dice: 0.8526 - iou: 0.7123
70/80 [=========================>....] - ETA: 18s - loss: 0.2638 - acc: 0.9317 - dice: 0.8537 - iou: 0.7138
71/80 [=========================>....] - ETA: 16s - loss: 0.2630 - acc: 0.9322 - dice: 0.8549 - iou: 0.7157
72/80 [==========================>...] - ETA: 14s - loss: 0.2626 - acc: 0.9327 - dice: 0.8559 - iou: 0.7174
73/80 [==========================>...] - ETA: 12s - loss: 0.2623 - acc: 0.9330 - dice: 0.8566 - iou: 0.7180
74/80 [==========================>...] - ETA: 11s - loss: 0.2624 - acc: 0.9333 - dice: 0.8573 - iou: 0.7188
75/80 [===========================>..] - ETA: 9s - loss: 0.2615 - acc: 0.9337 - dice: 0.8582 - iou: 0.7200 
76/80 [===========================>..] - ETA: 7s - loss: 0.2617 - acc: 0.9340 - dice: 0.8591 - iou: 0.7212
77/80 [===========================>..] - ETA: 5s - loss: 0.2610 - acc: 0.9344 - dice: 0.8600 - iou: 0.7230
78/80 [============================>.] - ETA: 3s - loss: 0.2601 - acc: 0.9350 - dice: 0.8611 - iou: 0.7254
79/80 [============================>.] - ETA: 1s - loss: 0.2598 - acc: 0.9353 - dice: 0.8619 - iou: 0.7271
80/80 [==============================] - 296s 4s/step - loss: 0.2588 - acc: 0.9357 - dice: 0.8626 - iou: 0.7291 - val_loss: 0.2836 - val_acc: 0.9256 - val_dice: 0.8341 - val_iou: 0.6223

Epoch 00002: val_loss improved from 0.28401 to 0.28355, saving model to unet_lung_1016.hdf5
Epoch 3/50

 1/80 [..............................] - ETA: 23s - loss: 0.4445 - acc: 0.8569 - dice: 0.7016 - iou: 0.5564
 2/80 [..............................] - ETA: 22s - loss: 0.4573 - acc: 0.8581 - dice: 0.7066 - iou: 0.5658
 3/80 [>.............................] - ETA: 22s - loss: 0.4185 - acc: 0.8754 - dice: 0.7452 - iou: 0.6104
 4/80 [>.............................] - ETA: 22s - loss: 0.3678 - acc: 0.8941 - dice: 0.7751 - iou: 0.6627
 5/80 [>.............................] - ETA: 22s - loss: 0.3608 - acc: 0.8890 - dice: 0.7496 - iou: 0.6397
 6/80 [=>............................] - ETA: 21s - loss: 0.3705 - acc: 0.8841 - dice: 0.7485 - iou: 0.6396
 7/80 [=>............................] - ETA: 21s - loss: 0.3744 - acc: 0.8791 - dice: 0.7382 - iou: 0.6324
 8/80 [==>...........................] - ETA: 21s - loss: 0.3894 - acc: 0.8685 - dice: 0.7269 - iou: 0.6185
 9/80 [==>...........................] - ETA: 20s - loss: 0.3860 - acc: 0.8678 - dice: 0.7303 - iou: 0.6266
10/80 [==>...........................] - ETA: 20s - loss: 0.3778 - acc: 0.8702 - dice: 0.7386 - iou: 0.6444
11/80 [===>..........................] - ETA: 20s - loss: 0.3740 - acc: 0.8690 - dice: 0.7385 - iou: 0.6504
12/80 [===>..........................] - ETA: 20s - loss: 0.3716 - acc: 0.8675 - dice: 0.7390 - iou: 0.6586
13/80 [===>..........................] - ETA: 25s - loss: 0.3668 - acc: 0.8693 - dice: 0.7434 - iou: 0.6705
14/80 [====>.........................] - ETA: 34s - loss: 0.3697 - acc: 0.8661 - dice: 0.7419 - iou: 0.6699
15/80 [====>.........................] - ETA: 40s - loss: 0.3670 - acc: 0.8667 - dice: 0.7441 - iou: 0.6784
16/80 [=====>........................] - ETA: 44s - loss: 0.3665 - acc: 0.8644 - dice: 0.7406 - iou: 0.6776
17/80 [=====>........................] - ETA: 48s - loss: 0.3645 - acc: 0.8647 - dice: 0.7424 - iou: 0.6808
18/80 [=====>........................] - ETA: 52s - loss: 0.3619 - acc: 0.8660 - dice: 0.7459 - iou: 0.6862
19/80 [======>.......................] - ETA: 55s - loss: 0.3625 - acc: 0.8636 - dice: 0.7417 - iou: 0.6845
20/80 [======>.......................] - ETA: 1:00 - loss: 0.3619 - acc: 0.8624 - dice: 0.7403 - iou: 0.6831
21/80 [======>.......................] - ETA: 1:04 - loss: 0.3590 - acc: 0.8632 - dice: 0.7410 - iou: 0.6849
22/80 [=======>......................] - ETA: 1:06 - loss: 0.3550 - acc: 0.8668 - dice: 0.7476 - iou: 0.6981
23/80 [=======>......................] - ETA: 1:07 - loss: 0.3513 - acc: 0.8700 - dice: 0.7539 - iou: 0.7095
24/80 [========>.....................] - ETA: 1:10 - loss: 0.3470 - acc: 0.8730 - dice: 0.7589 - iou: 0.7171
25/80 [========>.....................] - ETA: 1:10 - loss: 0.3431 - acc: 0.8764 - dice: 0.7650 - iou: 0.7256
26/80 [========>.....................] - ETA: 1:11 - loss: 0.3393 - acc: 0.8795 - dice: 0.7705 - iou: 0.7310
27/80 [=========>....................] - ETA: 1:11 - loss: 0.3358 - acc: 0.8828 - dice: 0.7767 - iou: 0.7373
28/80 [=========>....................] - ETA: 1:11 - loss: 0.3313 - acc: 0.8859 - dice: 0.7818 - iou: 0.7410
29/80 [=========>....................] - ETA: 1:11 - loss: 0.3293 - acc: 0.8881 - dice: 0.7863 - iou: 0.7418
30/80 [==========>...................] - ETA: 1:10 - loss: 0.3268 - acc: 0.8903 - dice: 0.7906 - iou: 0.7427
31/80 [==========>...................] - ETA: 1:10 - loss: 0.3245 - acc: 0.8919 - dice: 0.7934 - iou: 0.7407
32/80 [===========>..................] - ETA: 1:10 - loss: 0.3214 - acc: 0.8938 - dice: 0.7961 - iou: 0.7390
33/80 [===========>..................] - ETA: 1:10 - loss: 0.3182 - acc: 0.8955 - dice: 0.7986 - iou: 0.7368
34/80 [===========>..................] - ETA: 1:09 - loss: 0.3158 - acc: 0.8966 - dice: 0.7995 - iou: 0.7322
35/80 [============>.................] - ETA: 1:08 - loss: 0.3135 - acc: 0.8978 - dice: 0.8015 - iou: 0.7292
36/80 [============>.................] - ETA: 1:07 - loss: 0.3113 - acc: 0.8989 - dice: 0.8031 - iou: 0.7262
37/80 [============>.................] - ETA: 1:06 - loss: 0.3090 - acc: 0.8999 - dice: 0.8044 - iou: 0.7228
38/80 [=============>................] - ETA: 1:06 - loss: 0.3074 - acc: 0.9011 - dice: 0.8068 - iou: 0.7226
39/80 [=============>................] - ETA: 1:04 - loss: 0.3077 - acc: 0.9013 - dice: 0.8068 - iou: 0.7190
40/80 [==============>...............] - ETA: 1:03 - loss: 0.3058 - acc: 0.9025 - dice: 0.8088 - iou: 0.7182
41/80 [==============>...............] - ETA: 1:02 - loss: 0.3037 - acc: 0.9038 - dice: 0.8106 - iou: 0.7182
42/80 [==============>...............] - ETA: 1:01 - loss: 0.3014 - acc: 0.9053 - dice: 0.8134 - iou: 0.7204
43/80 [===============>..............] - ETA: 1:00 - loss: 0.2992 - acc: 0.9068 - dice: 0.8162 - iou: 0.7231
44/80 [===============>..............] - ETA: 59s - loss: 0.2974 - acc: 0.9080 - dice: 0.8185 - iou: 0.7251 
45/80 [===============>..............] - ETA: 57s - loss: 0.2950 - acc: 0.9093 - dice: 0.8206 - iou: 0.7273
46/80 [================>.............] - ETA: 56s - loss: 0.2934 - acc: 0.9104 - dice: 0.8226 - iou: 0.7301
47/80 [================>.............] - ETA: 55s - loss: 0.2914 - acc: 0.9116 - dice: 0.8248 - iou: 0.7320
48/80 [=================>............] - ETA: 53s - loss: 0.2901 - acc: 0.9126 - dice: 0.8268 - iou: 0.7344
49/80 [=================>............] - ETA: 51s - loss: 0.2884 - acc: 0.9137 - dice: 0.8288 - iou: 0.7362
50/80 [=================>............] - ETA: 50s - loss: 0.2871 - acc: 0.9147 - dice: 0.8305 - iou: 0.7382
51/80 [==================>...........] - ETA: 48s - loss: 0.2862 - acc: 0.9156 - dice: 0.8324 - iou: 0.7399
52/80 [==================>...........] - ETA: 47s - loss: 0.2862 - acc: 0.9160 - dice: 0.8333 - iou: 0.7398
53/80 [==================>...........] - ETA: 46s - loss: 0.2854 - acc: 0.9168 - dice: 0.8349 - iou: 0.7414
54/80 [===================>..........] - ETA: 44s - loss: 0.2844 - acc: 0.9178 - dice: 0.8369 - iou: 0.7441
55/80 [===================>..........] - ETA: 42s - loss: 0.2829 - acc: 0.9187 - dice: 0.8386 - iou: 0.7463
56/80 [====================>.........] - ETA: 41s - loss: 0.2814 - acc: 0.9196 - dice: 0.8401 - iou: 0.7481
57/80 [====================>.........] - ETA: 39s - loss: 0.2804 - acc: 0.9204 - dice: 0.8417 - iou: 0.7496
58/80 [====================>.........] - ETA: 38s - loss: 0.2798 - acc: 0.9210 - dice: 0.8427 - iou: 0.7508
59/80 [=====================>........] - ETA: 36s - loss: 0.2789 - acc: 0.9216 - dice: 0.8437 - iou: 0.7510
60/80 [=====================>........] - ETA: 34s - loss: 0.2779 - acc: 0.9224 - dice: 0.8453 - iou: 0.7531
61/80 [=====================>........] - ETA: 33s - loss: 0.2769 - acc: 0.9232 - dice: 0.8468 - iou: 0.7547
62/80 [======================>.......] - ETA: 31s - loss: 0.2761 - acc: 0.9238 - dice: 0.8481 - iou: 0.7557
63/80 [======================>.......] - ETA: 29s - loss: 0.2754 - acc: 0.9245 - dice: 0.8495 - iou: 0.7571
64/80 [=======================>......] - ETA: 28s - loss: 0.2743 - acc: 0.9252 - dice: 0.8509 - iou: 0.7587
65/80 [=======================>......] - ETA: 26s - loss: 0.2733 - acc: 0.9259 - dice: 0.8522 - iou: 0.7601
66/80 [=======================>......] - ETA: 24s - loss: 0.2722 - acc: 0.9266 - dice: 0.8535 - iou: 0.7614
67/80 [========================>.....] - ETA: 23s - loss: 0.2711 - acc: 0.9273 - dice: 0.8548 - iou: 0.7628
68/80 [========================>.....] - ETA: 21s - loss: 0.2704 - acc: 0.9278 - dice: 0.8559 - iou: 0.7638
69/80 [========================>.....] - ETA: 19s - loss: 0.2693 - acc: 0.9284 - dice: 0.8569 - iou: 0.7645
70/80 [=========================>....] - ETA: 17s - loss: 0.2683 - acc: 0.9290 - dice: 0.8579 - iou: 0.7652
71/80 [=========================>....] - ETA: 16s - loss: 0.2674 - acc: 0.9295 - dice: 0.8586 - iou: 0.7650
72/80 [==========================>...] - ETA: 14s - loss: 0.2666 - acc: 0.9300 - dice: 0.8596 - iou: 0.7657
73/80 [==========================>...] - ETA: 12s - loss: 0.2666 - acc: 0.9303 - dice: 0.8601 - iou: 0.7650
74/80 [==========================>...] - ETA: 10s - loss: 0.2659 - acc: 0.9307 - dice: 0.8610 - iou: 0.7658
75/80 [===========================>..] - ETA: 9s - loss: 0.2658 - acc: 0.9311 - dice: 0.8619 - iou: 0.7666 
76/80 [===========================>..] - ETA: 7s - loss: 0.2659 - acc: 0.9314 - dice: 0.8625 - iou: 0.7669
77/80 [===========================>..] - ETA: 5s - loss: 0.2655 - acc: 0.9318 - dice: 0.8634 - iou: 0.7677
78/80 [============================>.] - ETA: 3s - loss: 0.2648 - acc: 0.9323 - dice: 0.8644 - iou: 0.7692
79/80 [============================>.] - ETA: 1s - loss: 0.2642 - acc: 0.9327 - dice: 0.8653 - iou: 0.7707
80/80 [==============================] - 288s 4s/step - loss: 0.2636 - acc: 0.9332 - dice: 0.8663 - iou: 0.7720 - val_loss: 0.2763 - val_acc: 0.9292 - val_dice: 0.8406 - val_iou: 0.6278

Epoch 00003: val_loss improved from 0.28355 to 0.27634, saving model to unet_lung_1016.hdf5
Epoch 4/50

 1/80 [..............................] - ETA: 23s - loss: 0.3829 - acc: 0.8867 - dice: 0.7904 - iou: 0.6421
 2/80 [..............................] - ETA: 22s - loss: 0.3875 - acc: 0.8836 - dice: 0.7880 - iou: 0.6531
 3/80 [>.............................] - ETA: 22s - loss: 0.4025 - acc: 0.8754 - dice: 0.7733 - iou: 0.6369
 4/80 [>.............................] - ETA: 22s - loss: 0.4180 - acc: 0.8696 - dice: 0.7633 - iou: 0.6248
 5/80 [>.............................] - ETA: 21s - loss: 0.4188 - acc: 0.8649 - dice: 0.7534 - iou: 0.6163
 6/80 [=>............................] - ETA: 21s - loss: 0.3972 - acc: 0.8729 - dice: 0.7666 - iou: 0.6496
 7/80 [=>............................] - ETA: 21s - loss: 0.3904 - acc: 0.8720 - dice: 0.7633 - iou: 0.6553
 8/80 [==>...........................] - ETA: 21s - loss: 0.3796 - acc: 0.8719 - dice: 0.7624 - iou: 0.6665
 9/80 [==>...........................] - ETA: 20s - loss: 0.3828 - acc: 0.8677 - dice: 0.7559 - iou: 0.6637
10/80 [==>...........................] - ETA: 20s - loss: 0.3733 - acc: 0.8712 - dice: 0.7630 - iou: 0.6809
11/80 [===>..........................] - ETA: 20s - loss: 0.3653 - acc: 0.8730 - dice: 0.7656 - iou: 0.6945
12/80 [===>..........................] - ETA: 20s - loss: 0.3640 - acc: 0.8705 - dice: 0.7624 - iou: 0.6973
13/80 [===>..........................] - ETA: 27s - loss: 0.3621 - acc: 0.8679 - dice: 0.7562 - iou: 0.6952
14/80 [====>.........................] - ETA: 36s - loss: 0.3586 - acc: 0.8674 - dice: 0.7532 - iou: 0.6995
15/80 [====>.........................] - ETA: 43s - loss: 0.3579 - acc: 0.8674 - dice: 0.7534 - iou: 0.7029
16/80 [=====>........................] - ETA: 48s - loss: 0.3549 - acc: 0.8674 - dice: 0.7537 - iou: 0.7088
17/80 [=====>........................] - ETA: 53s - loss: 0.3566 - acc: 0.8665 - dice: 0.7554 - iou: 0.7130
18/80 [=====>........................] - ETA: 55s - loss: 0.3572 - acc: 0.8655 - dice: 0.7548 - iou: 0.7118
19/80 [======>.......................] - ETA: 59s - loss: 0.3558 - acc: 0.8663 - dice: 0.7570 - iou: 0.7164
20/80 [======>.......................] - ETA: 1:02 - loss: 0.3544 - acc: 0.8671 - dice: 0.7586 - iou: 0.7187
21/80 [======>.......................] - ETA: 1:04 - loss: 0.3549 - acc: 0.8663 - dice: 0.7584 - iou: 0.7185
22/80 [=======>......................] - ETA: 1:05 - loss: 0.3537 - acc: 0.8660 - dice: 0.7564 - iou: 0.7171
23/80 [=======>......................] - ETA: 1:05 - loss: 0.3506 - acc: 0.8691 - dice: 0.7623 - iou: 0.7262
24/80 [========>.....................] - ETA: 1:06 - loss: 0.3479 - acc: 0.8719 - dice: 0.7678 - iou: 0.7355
25/80 [========>.....................] - ETA: 1:07 - loss: 0.3443 - acc: 0.8748 - dice: 0.7728 - iou: 0.7447
26/80 [========>.....................] - ETA: 1:07 - loss: 0.3412 - acc: 0.8773 - dice: 0.7772 - iou: 0.7528
27/80 [=========>....................] - ETA: 1:09 - loss: 0.3377 - acc: 0.8800 - dice: 0.7815 - iou: 0.7588
28/80 [=========>....................] - ETA: 1:09 - loss: 0.3348 - acc: 0.8830 - dice: 0.7868 - iou: 0.7650
29/80 [=========>....................] - ETA: 1:09 - loss: 0.3326 - acc: 0.8854 - dice: 0.7915 - iou: 0.7686
30/80 [==========>...................] - ETA: 1:09 - loss: 0.3298 - acc: 0.8881 - dice: 0.7961 - iou: 0.7720
31/80 [==========>...................] - ETA: 1:09 - loss: 0.3271 - acc: 0.8907 - dice: 0.8008 - iou: 0.7762
32/80 [===========>..................] - ETA: 1:09 - loss: 0.3234 - acc: 0.8930 - dice: 0.8045 - iou: 0.7768
33/80 [===========>..................] - ETA: 1:08 - loss: 0.3213 - acc: 0.8946 - dice: 0.8069 - iou: 0.7747
34/80 [===========>..................] - ETA: 1:08 - loss: 0.3196 - acc: 0.8962 - dice: 0.8099 - iou: 0.7735
35/80 [============>.................] - ETA: 1:07 - loss: 0.3170 - acc: 0.8976 - dice: 0.8117 - iou: 0.7702
36/80 [============>.................] - ETA: 1:06 - loss: 0.3140 - acc: 0.8992 - dice: 0.8139 - iou: 0.7681
37/80 [============>.................] - ETA: 1:05 - loss: 0.3126 - acc: 0.9000 - dice: 0.8148 - iou: 0.7634
38/80 [=============>................] - ETA: 1:04 - loss: 0.3100 - acc: 0.9012 - dice: 0.8160 - iou: 0.7597
39/80 [=============>................] - ETA: 1:03 - loss: 0.3076 - acc: 0.9025 - dice: 0.8178 - iou: 0.7578
40/80 [==============>...............] - ETA: 1:02 - loss: 0.3049 - acc: 0.9037 - dice: 0.8191 - iou: 0.7551
41/80 [==============>...............] - ETA: 1:01 - loss: 0.3031 - acc: 0.9048 - dice: 0.8207 - iou: 0.7532
42/80 [==============>...............] - ETA: 1:00 - loss: 0.3013 - acc: 0.9060 - dice: 0.8227 - iou: 0.7524
43/80 [===============>..............] - ETA: 59s - loss: 0.2994 - acc: 0.9072 - dice: 0.8248 - iou: 0.7522 
44/80 [===============>..............] - ETA: 58s - loss: 0.2980 - acc: 0.9083 - dice: 0.8267 - iou: 0.7521
45/80 [===============>..............] - ETA: 57s - loss: 0.2964 - acc: 0.9093 - dice: 0.8284 - iou: 0.7520
46/80 [================>.............] - ETA: 56s - loss: 0.2942 - acc: 0.9104 - dice: 0.8302 - iou: 0.7520
47/80 [================>.............] - ETA: 54s - loss: 0.2928 - acc: 0.9115 - dice: 0.8321 - iou: 0.7528
48/80 [=================>............] - ETA: 53s - loss: 0.2908 - acc: 0.9127 - dice: 0.8342 - iou: 0.7544
49/80 [=================>............] - ETA: 51s - loss: 0.2895 - acc: 0.9137 - dice: 0.8359 - iou: 0.7556
50/80 [=================>............] - ETA: 50s - loss: 0.2878 - acc: 0.9146 - dice: 0.8373 - iou: 0.7559
51/80 [==================>...........] - ETA: 48s - loss: 0.2862 - acc: 0.9157 - dice: 0.8393 - iou: 0.7577
52/80 [==================>...........] - ETA: 47s - loss: 0.2847 - acc: 0.9167 - dice: 0.8410 - iou: 0.7596
53/80 [==================>...........] - ETA: 46s - loss: 0.2836 - acc: 0.9176 - dice: 0.8422 - iou: 0.7602
54/80 [===================>..........] - ETA: 44s - loss: 0.2825 - acc: 0.9185 - dice: 0.8439 - iou: 0.7620
55/80 [===================>..........] - ETA: 42s - loss: 0.2817 - acc: 0.9193 - dice: 0.8455 - iou: 0.7642
56/80 [====================>.........] - ETA: 41s - loss: 0.2804 - acc: 0.9201 - dice: 0.8471 - iou: 0.7665
57/80 [====================>.........] - ETA: 39s - loss: 0.2796 - acc: 0.9208 - dice: 0.8483 - iou: 0.7680
58/80 [====================>.........] - ETA: 37s - loss: 0.2790 - acc: 0.9214 - dice: 0.8494 - iou: 0.7689
59/80 [=====================>........] - ETA: 36s - loss: 0.2783 - acc: 0.9221 - dice: 0.8506 - iou: 0.7700
60/80 [=====================>........] - ETA: 34s - loss: 0.2769 - acc: 0.9229 - dice: 0.8520 - iou: 0.7716
61/80 [=====================>........] - ETA: 32s - loss: 0.2759 - acc: 0.9235 - dice: 0.8531 - iou: 0.7727
62/80 [======================>.......] - ETA: 31s - loss: 0.2762 - acc: 0.9237 - dice: 0.8536 - iou: 0.7727
63/80 [======================>.......] - ETA: 29s - loss: 0.2750 - acc: 0.9244 - dice: 0.8547 - iou: 0.7740
64/80 [=======================>......] - ETA: 27s - loss: 0.2740 - acc: 0.9251 - dice: 0.8558 - iou: 0.7750
65/80 [=======================>......] - ETA: 26s - loss: 0.2729 - acc: 0.9257 - dice: 0.8570 - iou: 0.7763
66/80 [=======================>......] - ETA: 24s - loss: 0.2720 - acc: 0.9264 - dice: 0.8582 - iou: 0.7775
67/80 [========================>.....] - ETA: 22s - loss: 0.2713 - acc: 0.9269 - dice: 0.8589 - iou: 0.7780
68/80 [========================>.....] - ETA: 21s - loss: 0.2701 - acc: 0.9275 - dice: 0.8601 - iou: 0.7795
69/80 [========================>.....] - ETA: 19s - loss: 0.2697 - acc: 0.9281 - dice: 0.8612 - iou: 0.7807
70/80 [=========================>....] - ETA: 17s - loss: 0.2688 - acc: 0.9287 - dice: 0.8623 - iou: 0.7818
71/80 [=========================>....] - ETA: 16s - loss: 0.2682 - acc: 0.9292 - dice: 0.8633 - iou: 0.7826
72/80 [==========================>...] - ETA: 14s - loss: 0.2670 - acc: 0.9297 - dice: 0.8641 - iou: 0.7838
73/80 [==========================>...] - ETA: 12s - loss: 0.2665 - acc: 0.9302 - dice: 0.8650 - iou: 0.7844
74/80 [==========================>...] - ETA: 10s - loss: 0.2654 - acc: 0.9307 - dice: 0.8656 - iou: 0.7854
75/80 [===========================>..] - ETA: 9s - loss: 0.2647 - acc: 0.9311 - dice: 0.8664 - iou: 0.7857 
76/80 [===========================>..] - ETA: 7s - loss: 0.2642 - acc: 0.9315 - dice: 0.8670 - iou: 0.7858
77/80 [===========================>..] - ETA: 5s - loss: 0.2638 - acc: 0.9318 - dice: 0.8678 - iou: 0.7860
78/80 [============================>.] - ETA: 3s - loss: 0.2634 - acc: 0.9323 - dice: 0.8686 - iou: 0.7863
79/80 [============================>.] - ETA: 1s - loss: 0.2625 - acc: 0.9328 - dice: 0.8695 - iou: 0.7874
80/80 [==============================] - 289s 4s/step - loss: 0.2615 - acc: 0.9332 - dice: 0.8703 - iou: 0.7884 - val_loss: 0.2943 - val_acc: 0.9230 - val_dice: 0.8255 - val_iou: 0.5957

Epoch 00004: val_loss did not improve from 0.27634
Epoch 5/50

 1/80 [..............................] - ETA: 23s - loss: 0.4230 - acc: 0.8636 - dice: 0.7492 - iou: 0.5865
 2/80 [..............................] - ETA: 23s - loss: 0.4686 - acc: 0.8538 - dice: 0.7120 - iou: 0.5448
 3/80 [>.............................] - ETA: 22s - loss: 0.4349 - acc: 0.8631 - dice: 0.7352 - iou: 0.5754
 4/80 [>.............................] - ETA: 22s - loss: 0.4274 - acc: 0.8626 - dice: 0.7335 - iou: 0.5796
 5/80 [>.............................] - ETA: 22s - loss: 0.3991 - acc: 0.8745 - dice: 0.7578 - iou: 0.6193
 6/80 [=>............................] - ETA: 21s - loss: 0.3894 - acc: 0.8735 - dice: 0.7498 - iou: 0.6178
 7/80 [=>............................] - ETA: 21s - loss: 0.3871 - acc: 0.8700 - dice: 0.7399 - iou: 0.6165
 8/80 [==>...........................] - ETA: 21s - loss: 0.3761 - acc: 0.8741 - dice: 0.7516 - iou: 0.6464
 9/80 [==>...........................] - ETA: 21s - loss: 0.3705 - acc: 0.8751 - dice: 0.7522 - iou: 0.6541
10/80 [==>...........................] - ETA: 20s - loss: 0.3609 - acc: 0.8775 - dice: 0.7578 - iou: 0.6697
11/80 [===>..........................] - ETA: 20s - loss: 0.3609 - acc: 0.8746 - dice: 0.7541 - iou: 0.6730
12/80 [===>..........................] - ETA: 20s - loss: 0.3579 - acc: 0.8755 - dice: 0.7583 - iou: 0.6842
13/80 [===>..........................] - ETA: 24s - loss: 0.3495 - acc: 0.8796 - dice: 0.7655 - iou: 0.7019
14/80 [====>.........................] - ETA: 32s - loss: 0.3511 - acc: 0.8756 - dice: 0.7586 - iou: 0.6952
15/80 [====>.........................] - ETA: 39s - loss: 0.3503 - acc: 0.8728 - dice: 0.7530 - iou: 0.6928
16/80 [=====>........................] - ETA: 43s - loss: 0.3475 - acc: 0.8730 - dice: 0.7550 - iou: 0.7014
17/80 [=====>........................] - ETA: 48s - loss: 0.3470 - acc: 0.8723 - dice: 0.7557 - iou: 0.7051
18/80 [=====>........................] - ETA: 52s - loss: 0.3466 - acc: 0.8717 - dice: 0.7544 - iou: 0.7052
19/80 [======>.......................] - ETA: 54s - loss: 0.3461 - acc: 0.8719 - dice: 0.7566 - iou: 0.7095
20/80 [======>.......................] - ETA: 59s - loss: 0.3460 - acc: 0.8710 - dice: 0.7567 - iou: 0.7124
21/80 [======>.......................] - ETA: 1:01 - loss: 0.3429 - acc: 0.8730 - dice: 0.7601 - iou: 0.7194
22/80 [=======>......................] - ETA: 1:03 - loss: 0.3412 - acc: 0.8729 - dice: 0.7590 - iou: 0.7210
23/80 [=======>......................] - ETA: 1:04 - loss: 0.3372 - acc: 0.8760 - dice: 0.7645 - iou: 0.7321
24/80 [========>.....................] - ETA: 1:04 - loss: 0.3329 - acc: 0.8786 - dice: 0.7683 - iou: 0.7413
25/80 [========>.....................] - ETA: 1:07 - loss: 0.3307 - acc: 0.8816 - dice: 0.7744 - iou: 0.7492
26/80 [========>.....................] - ETA: 1:06 - loss: 0.3273 - acc: 0.8843 - dice: 0.7793 - iou: 0.7549
27/80 [=========>....................] - ETA: 1:07 - loss: 0.3239 - acc: 0.8868 - dice: 0.7831 - iou: 0.7567
28/80 [=========>....................] - ETA: 1:07 - loss: 0.3224 - acc: 0.8891 - dice: 0.7879 - iou: 0.7610
29/80 [=========>....................] - ETA: 1:07 - loss: 0.3199 - acc: 0.8915 - dice: 0.7925 - iou: 0.7634
30/80 [==========>...................] - ETA: 1:06 - loss: 0.3178 - acc: 0.8935 - dice: 0.7958 - iou: 0.7627
31/80 [==========>...................] - ETA: 1:06 - loss: 0.3148 - acc: 0.8958 - dice: 0.8001 - iou: 0.7648
32/80 [===========>..................] - ETA: 1:06 - loss: 0.3118 - acc: 0.8981 - dice: 0.8045 - iou: 0.7676
33/80 [===========>..................] - ETA: 1:06 - loss: 0.3095 - acc: 0.9000 - dice: 0.8078 - iou: 0.7680
34/80 [===========>..................] - ETA: 1:05 - loss: 0.3092 - acc: 0.9011 - dice: 0.8106 - iou: 0.7667
35/80 [============>.................] - ETA: 1:05 - loss: 0.3067 - acc: 0.9025 - dice: 0.8130 - iou: 0.7646
36/80 [============>.................] - ETA: 1:04 - loss: 0.3037 - acc: 0.9041 - dice: 0.8153 - iou: 0.7629
37/80 [============>.................] - ETA: 1:04 - loss: 0.3013 - acc: 0.9055 - dice: 0.8174 - iou: 0.7610
38/80 [=============>................] - ETA: 1:03 - loss: 0.2990 - acc: 0.9068 - dice: 0.8194 - iou: 0.7597
39/80 [=============>................] - ETA: 1:02 - loss: 0.2969 - acc: 0.9080 - dice: 0.8214 - iou: 0.7581
40/80 [==============>...............] - ETA: 1:02 - loss: 0.2966 - acc: 0.9086 - dice: 0.8227 - iou: 0.7556
41/80 [==============>...............] - ETA: 1:01 - loss: 0.2958 - acc: 0.9094 - dice: 0.8244 - iou: 0.7540
42/80 [==============>...............] - ETA: 1:00 - loss: 0.2942 - acc: 0.9105 - dice: 0.8263 - iou: 0.7532
43/80 [===============>..............] - ETA: 58s - loss: 0.2931 - acc: 0.9115 - dice: 0.8281 - iou: 0.7529 
44/80 [===============>..............] - ETA: 57s - loss: 0.2918 - acc: 0.9124 - dice: 0.8299 - iou: 0.7527
45/80 [===============>..............] - ETA: 56s - loss: 0.2902 - acc: 0.9135 - dice: 0.8319 - iou: 0.7532
46/80 [================>.............] - ETA: 54s - loss: 0.2885 - acc: 0.9147 - dice: 0.8341 - iou: 0.7548
47/80 [================>.............] - ETA: 53s - loss: 0.2868 - acc: 0.9158 - dice: 0.8361 - iou: 0.7559
48/80 [=================>............] - ETA: 52s - loss: 0.2856 - acc: 0.9165 - dice: 0.8373 - iou: 0.7563
49/80 [=================>............] - ETA: 50s - loss: 0.2839 - acc: 0.9176 - dice: 0.8393 - iou: 0.7584
50/80 [=================>............] - ETA: 49s - loss: 0.2829 - acc: 0.9185 - dice: 0.8410 - iou: 0.7596
51/80 [==================>...........] - ETA: 48s - loss: 0.2817 - acc: 0.9195 - dice: 0.8429 - iou: 0.7619
52/80 [==================>...........] - ETA: 47s - loss: 0.2801 - acc: 0.9205 - dice: 0.8448 - iou: 0.7646
53/80 [==================>...........] - ETA: 45s - loss: 0.2791 - acc: 0.9214 - dice: 0.8465 - iou: 0.7664
54/80 [===================>..........] - ETA: 44s - loss: 0.2777 - acc: 0.9223 - dice: 0.8481 - iou: 0.7686
55/80 [===================>..........] - ETA: 42s - loss: 0.2765 - acc: 0.9232 - dice: 0.8498 - iou: 0.7709
56/80 [====================>.........] - ETA: 41s - loss: 0.2754 - acc: 0.9239 - dice: 0.8510 - iou: 0.7724
57/80 [====================>.........] - ETA: 39s - loss: 0.2750 - acc: 0.9245 - dice: 0.8522 - iou: 0.7731
58/80 [====================>.........] - ETA: 38s - loss: 0.2740 - acc: 0.9254 - dice: 0.8539 - iou: 0.7751
59/80 [=====================>........] - ETA: 36s - loss: 0.2734 - acc: 0.9260 - dice: 0.8553 - iou: 0.7765
60/80 [=====================>........] - ETA: 34s - loss: 0.2724 - acc: 0.9268 - dice: 0.8567 - iou: 0.7776
61/80 [=====================>........] - ETA: 33s - loss: 0.2715 - acc: 0.9274 - dice: 0.8579 - iou: 0.7782
62/80 [======================>.......] - ETA: 31s - loss: 0.2709 - acc: 0.9280 - dice: 0.8589 - iou: 0.7786
63/80 [======================>.......] - ETA: 29s - loss: 0.2703 - acc: 0.9286 - dice: 0.8601 - iou: 0.7793
64/80 [=======================>......] - ETA: 28s - loss: 0.2692 - acc: 0.9292 - dice: 0.8612 - iou: 0.7804
65/80 [=======================>......] - ETA: 26s - loss: 0.2682 - acc: 0.9297 - dice: 0.8621 - iou: 0.7810
66/80 [=======================>......] - ETA: 24s - loss: 0.2681 - acc: 0.9300 - dice: 0.8627 - iou: 0.7807
67/80 [========================>.....] - ETA: 23s - loss: 0.2672 - acc: 0.9305 - dice: 0.8637 - iou: 0.7815
68/80 [========================>.....] - ETA: 21s - loss: 0.2668 - acc: 0.9310 - dice: 0.8647 - iou: 0.7821
69/80 [========================>.....] - ETA: 19s - loss: 0.2660 - acc: 0.9315 - dice: 0.8656 - iou: 0.7832
70/80 [=========================>....] - ETA: 17s - loss: 0.2653 - acc: 0.9319 - dice: 0.8662 - iou: 0.7831
71/80 [=========================>....] - ETA: 16s - loss: 0.2647 - acc: 0.9325 - dice: 0.8673 - iou: 0.7842
72/80 [==========================>...] - ETA: 14s - loss: 0.2635 - acc: 0.9330 - dice: 0.8679 - iou: 0.7843
73/80 [==========================>...] - ETA: 12s - loss: 0.2625 - acc: 0.9335 - dice: 0.8686 - iou: 0.7852
74/80 [==========================>...] - ETA: 10s - loss: 0.2619 - acc: 0.9339 - dice: 0.8695 - iou: 0.7859
75/80 [===========================>..] - ETA: 8s - loss: 0.2612 - acc: 0.9344 - dice: 0.8703 - iou: 0.7871 
76/80 [===========================>..] - ETA: 7s - loss: 0.2605 - acc: 0.9348 - dice: 0.8711 - iou: 0.7881
77/80 [===========================>..] - ETA: 5s - loss: 0.2601 - acc: 0.9352 - dice: 0.8719 - iou: 0.7887
78/80 [============================>.] - ETA: 3s - loss: 0.2592 - acc: 0.9357 - dice: 0.8728 - iou: 0.7901
79/80 [============================>.] - ETA: 1s - loss: 0.2587 - acc: 0.9361 - dice: 0.8736 - iou: 0.7909
80/80 [==============================] - 287s 4s/step - loss: 0.2584 - acc: 0.9363 - dice: 0.8740 - iou: 0.7913 - val_loss: 0.2877 - val_acc: 0.9254 - val_dice: 0.8320 - val_iou: 0.6132

Epoch 00005: val_loss did not improve from 0.27634
Epoch 6/50

 1/80 [..............................] - ETA: 23s - loss: 0.2854 - acc: 0.9326 - dice: 0.8510 - iou: 0.7224
 2/80 [..............................] - ETA: 23s - loss: 0.3923 - acc: 0.8819 - dice: 0.7579 - iou: 0.6200
 3/80 [>.............................] - ETA: 22s - loss: 0.4135 - acc: 0.8728 - dice: 0.7382 - iou: 0.5945
 4/80 [>.............................] - ETA: 22s - loss: 0.4108 - acc: 0.8746 - dice: 0.7469 - iou: 0.6023
 5/80 [>.............................] - ETA: 22s - loss: 0.3983 - acc: 0.8791 - dice: 0.7562 - iou: 0.6166
 6/80 [=>............................] - ETA: 21s - loss: 0.3865 - acc: 0.8826 - dice: 0.7665 - iou: 0.6428
 7/80 [=>............................] - ETA: 21s - loss: 0.3800 - acc: 0.8793 - dice: 0.7527 - iou: 0.6409
 8/80 [==>...........................] - ETA: 21s - loss: 0.3734 - acc: 0.8807 - dice: 0.7538 - iou: 0.6505
 9/80 [==>...........................] - ETA: 20s - loss: 0.3695 - acc: 0.8808 - dice: 0.7576 - iou: 0.6611
10/80 [==>...........................] - ETA: 20s - loss: 0.3650 - acc: 0.8805 - dice: 0.7594 - iou: 0.6690
11/80 [===>..........................] - ETA: 20s - loss: 0.3612 - acc: 0.8801 - dice: 0.7606 - iou: 0.6786
12/80 [===>..........................] - ETA: 20s - loss: 0.3626 - acc: 0.8789 - dice: 0.7616 - iou: 0.6821
13/80 [===>..........................] - ETA: 26s - loss: 0.3582 - acc: 0.8804 - dice: 0.7660 - iou: 0.6934
14/80 [====>.........................] - ETA: 33s - loss: 0.3607 - acc: 0.8769 - dice: 0.7631 - iou: 0.6919
15/80 [====>.........................] - ETA: 38s - loss: 0.3621 - acc: 0.8740 - dice: 0.7606 - iou: 0.6921
16/80 [=====>........................] - ETA: 43s - loss: 0.3587 - acc: 0.8753 - dice: 0.7638 - iou: 0.6997
17/80 [=====>........................] - ETA: 47s - loss: 0.3558 - acc: 0.8750 - dice: 0.7628 - iou: 0.7019
18/80 [=====>........................] - ETA: 50s - loss: 0.3544 - acc: 0.8746 - dice: 0.7633 - iou: 0.7073
19/80 [======>.......................] - ETA: 53s - loss: 0.3543 - acc: 0.8726 - dice: 0.7579 - iou: 0.7030
20/80 [======>.......................] - ETA: 57s - loss: 0.3539 - acc: 0.8709 - dice: 0.7553 - iou: 0.7015
21/80 [======>.......................] - ETA: 59s - loss: 0.3562 - acc: 0.8690 - dice: 0.7539 - iou: 0.7023
22/80 [=======>......................] - ETA: 1:00 - loss: 0.3561 - acc: 0.8683 - dice: 0.7539 - iou: 0.7050
23/80 [=======>......................] - ETA: 1:02 - loss: 0.3533 - acc: 0.8695 - dice: 0.7557 - iou: 0.7115
24/80 [========>.....................] - ETA: 1:03 - loss: 0.3496 - acc: 0.8726 - dice: 0.7615 - iou: 0.7223
25/80 [========>.....................] - ETA: 1:05 - loss: 0.3465 - acc: 0.8751 - dice: 0.7659 - iou: 0.7313
26/80 [========>.....................] - ETA: 1:05 - loss: 0.3430 - acc: 0.8775 - dice: 0.7699 - iou: 0.7408
27/80 [=========>....................] - ETA: 1:06 - loss: 0.3402 - acc: 0.8801 - dice: 0.7747 - iou: 0.7482
28/80 [=========>....................] - ETA: 1:06 - loss: 0.3375 - acc: 0.8829 - dice: 0.7801 - iou: 0.7554
29/80 [=========>....................] - ETA: 1:06 - loss: 0.3348 - acc: 0.8851 - dice: 0.7839 - iou: 0.7594
30/80 [==========>...................] - ETA: 1:07 - loss: 0.3322 - acc: 0.8879 - dice: 0.7892 - iou: 0.7642
31/80 [==========>...................] - ETA: 1:06 - loss: 0.3300 - acc: 0.8901 - dice: 0.7934 - iou: 0.7668
32/80 [===========>..................] - ETA: 1:06 - loss: 0.3274 - acc: 0.8924 - dice: 0.7976 - iou: 0.7685
33/80 [===========>..................] - ETA: 1:06 - loss: 0.3249 - acc: 0.8944 - dice: 0.8016 - iou: 0.7696
34/80 [===========>..................] - ETA: 1:05 - loss: 0.3222 - acc: 0.8964 - dice: 0.8051 - iou: 0.7703
35/80 [============>.................] - ETA: 1:04 - loss: 0.3201 - acc: 0.8980 - dice: 0.8080 - iou: 0.7693
36/80 [============>.................] - ETA: 1:04 - loss: 0.3176 - acc: 0.8996 - dice: 0.8110 - iou: 0.7686
37/80 [============>.................] - ETA: 1:03 - loss: 0.3145 - acc: 0.9011 - dice: 0.8128 - iou: 0.7656
38/80 [=============>................] - ETA: 1:02 - loss: 0.3129 - acc: 0.9022 - dice: 0.8147 - iou: 0.7630
39/80 [=============>................] - ETA: 1:01 - loss: 0.3112 - acc: 0.9031 - dice: 0.8160 - iou: 0.7597
40/80 [==============>...............] - ETA: 1:00 - loss: 0.3097 - acc: 0.9041 - dice: 0.8179 - iou: 0.7579
41/80 [==============>...............] - ETA: 59s - loss: 0.3073 - acc: 0.9054 - dice: 0.8200 - iou: 0.7567 
42/80 [==============>...............] - ETA: 58s - loss: 0.3051 - acc: 0.9066 - dice: 0.8218 - iou: 0.7554
43/80 [===============>..............] - ETA: 57s - loss: 0.3034 - acc: 0.9076 - dice: 0.8235 - iou: 0.7541
44/80 [===============>..............] - ETA: 56s - loss: 0.3017 - acc: 0.9087 - dice: 0.8256 - iou: 0.7540
45/80 [===============>..............] - ETA: 55s - loss: 0.2997 - acc: 0.9096 - dice: 0.8266 - iou: 0.7519
46/80 [================>.............] - ETA: 53s - loss: 0.2976 - acc: 0.9109 - dice: 0.8288 - iou: 0.7530
47/80 [================>.............] - ETA: 52s - loss: 0.2954 - acc: 0.9121 - dice: 0.8308 - iou: 0.7536
48/80 [=================>............] - ETA: 51s - loss: 0.2932 - acc: 0.9132 - dice: 0.8325 - iou: 0.7541
49/80 [=================>............] - ETA: 50s - loss: 0.2926 - acc: 0.9140 - dice: 0.8343 - iou: 0.7550
50/80 [=================>............] - ETA: 48s - loss: 0.2916 - acc: 0.9149 - dice: 0.8358 - iou: 0.7556
51/80 [==================>...........] - ETA: 47s - loss: 0.2903 - acc: 0.9158 - dice: 0.8376 - iou: 0.7569
52/80 [==================>...........] - ETA: 46s - loss: 0.2890 - acc: 0.9168 - dice: 0.8393 - iou: 0.7584
53/80 [==================>...........] - ETA: 44s - loss: 0.2879 - acc: 0.9177 - dice: 0.8410 - iou: 0.7603
54/80 [===================>..........] - ETA: 43s - loss: 0.2868 - acc: 0.9186 - dice: 0.8427 - iou: 0.7619
55/80 [===================>..........] - ETA: 42s - loss: 0.2856 - acc: 0.9193 - dice: 0.8440 - iou: 0.7636
56/80 [====================>.........] - ETA: 40s - loss: 0.2846 - acc: 0.9202 - dice: 0.8457 - iou: 0.7656
57/80 [====================>.........] - ETA: 39s - loss: 0.2834 - acc: 0.9209 - dice: 0.8468 - iou: 0.7668
58/80 [====================>.........] - ETA: 37s - loss: 0.2820 - acc: 0.9217 - dice: 0.8481 - iou: 0.7689
59/80 [=====================>........] - ETA: 36s - loss: 0.2815 - acc: 0.9223 - dice: 0.8495 - iou: 0.7703
60/80 [=====================>........] - ETA: 34s - loss: 0.2805 - acc: 0.9230 - dice: 0.8508 - iou: 0.7710
61/80 [=====================>........] - ETA: 32s - loss: 0.2795 - acc: 0.9237 - dice: 0.8519 - iou: 0.7725
62/80 [======================>.......] - ETA: 31s - loss: 0.2783 - acc: 0.9243 - dice: 0.8530 - iou: 0.7736
63/80 [======================>.......] - ETA: 29s - loss: 0.2772 - acc: 0.9251 - dice: 0.8544 - iou: 0.7751
64/80 [=======================>......] - ETA: 27s - loss: 0.2764 - acc: 0.9257 - dice: 0.8557 - iou: 0.7765
65/80 [=======================>......] - ETA: 26s - loss: 0.2756 - acc: 0.9263 - dice: 0.8567 - iou: 0.7773
66/80 [=======================>......] - ETA: 24s - loss: 0.2744 - acc: 0.9270 - dice: 0.8579 - iou: 0.7787
67/80 [========================>.....] - ETA: 22s - loss: 0.2737 - acc: 0.9275 - dice: 0.8590 - iou: 0.7795
68/80 [========================>.....] - ETA: 21s - loss: 0.2727 - acc: 0.9281 - dice: 0.8600 - iou: 0.7804
69/80 [========================>.....] - ETA: 19s - loss: 0.2717 - acc: 0.9287 - dice: 0.8610 - iou: 0.7812
70/80 [=========================>....] - ETA: 17s - loss: 0.2709 - acc: 0.9293 - dice: 0.8620 - iou: 0.7818
71/80 [=========================>....] - ETA: 16s - loss: 0.2702 - acc: 0.9297 - dice: 0.8628 - iou: 0.7821
72/80 [==========================>...] - ETA: 14s - loss: 0.2697 - acc: 0.9301 - dice: 0.8636 - iou: 0.7823
73/80 [==========================>...] - ETA: 12s - loss: 0.2692 - acc: 0.9306 - dice: 0.8645 - iou: 0.7826
74/80 [==========================>...] - ETA: 10s - loss: 0.2683 - acc: 0.9312 - dice: 0.8655 - iou: 0.7833
75/80 [===========================>..] - ETA: 8s - loss: 0.2670 - acc: 0.9317 - dice: 0.8665 - iou: 0.7843 
76/80 [===========================>..] - ETA: 7s - loss: 0.2661 - acc: 0.9322 - dice: 0.8673 - iou: 0.7849
77/80 [===========================>..] - ETA: 5s - loss: 0.2655 - acc: 0.9326 - dice: 0.8680 - iou: 0.7853
78/80 [============================>.] - ETA: 3s - loss: 0.2649 - acc: 0.9330 - dice: 0.8687 - iou: 0.7859
79/80 [============================>.] - ETA: 1s - loss: 0.2645 - acc: 0.9334 - dice: 0.8695 - iou: 0.7864
80/80 [==============================] - 288s 4s/step - loss: 0.2638 - acc: 0.9338 - dice: 0.8702 - iou: 0.7867 - val_loss: 0.2884 - val_acc: 0.9255 - val_dice: 0.8333 - val_iou: 0.6164

Epoch 00006: val_loss did not improve from 0.27634
Epoch 7/50

 1/80 [..............................] - ETA: 23s - loss: 0.4809 - acc: 0.8300 - dice: 0.6164 - iou: 0.4665
 2/80 [..............................] - ETA: 23s - loss: 0.4970 - acc: 0.8190 - dice: 0.5925 - iou: 0.4401
 3/80 [>.............................] - ETA: 22s - loss: 0.4433 - acc: 0.8458 - dice: 0.6642 - iou: 0.5273
 4/80 [>.............................] - ETA: 22s - loss: 0.4133 - acc: 0.8588 - dice: 0.7037 - iou: 0.5826
 5/80 [>.............................] - ETA: 22s - loss: 0.4025 - acc: 0.8610 - dice: 0.7082 - iou: 0.5957
 6/80 [=>............................] - ETA: 21s - loss: 0.3896 - acc: 0.8661 - dice: 0.7197 - iou: 0.6117
 7/80 [=>............................] - ETA: 21s - loss: 0.3868 - acc: 0.8670 - dice: 0.7270 - iou: 0.6182
 8/80 [==>...........................] - ETA: 21s - loss: 0.3854 - acc: 0.8631 - dice: 0.7197 - iou: 0.6155
 9/80 [==>...........................] - ETA: 20s - loss: 0.3777 - acc: 0.8636 - dice: 0.7202 - iou: 0.6260
10/80 [==>...........................] - ETA: 20s - loss: 0.3754 - acc: 0.8624 - dice: 0.7231 - iou: 0.6358
11/80 [===>..........................] - ETA: 20s - loss: 0.3707 - acc: 0.8642 - dice: 0.7283 - iou: 0.6481
12/80 [===>..........................] - ETA: 20s - loss: 0.3684 - acc: 0.8645 - dice: 0.7269 - iou: 0.6463
13/80 [===>..........................] - ETA: 24s - loss: 0.3635 - acc: 0.8666 - dice: 0.7336 - iou: 0.6617
14/80 [====>.........................] - ETA: 32s - loss: 0.3578 - acc: 0.8685 - dice: 0.7376 - iou: 0.6739
15/80 [====>.........................] - ETA: 38s - loss: 0.3551 - acc: 0.8692 - dice: 0.7411 - iou: 0.6803
16/80 [=====>........................] - ETA: 43s - loss: 0.3579 - acc: 0.8658 - dice: 0.7367 - iou: 0.6763
17/80 [=====>........................] - ETA: 50s - loss: 0.3541 - acc: 0.8676 - dice: 0.7410 - iou: 0.6864
18/80 [=====>........................] - ETA: 54s - loss: 0.3513 - acc: 0.8678 - dice: 0.7404 - iou: 0.6907
19/80 [======>.......................] - ETA: 56s - loss: 0.3504 - acc: 0.8673 - dice: 0.7400 - iou: 0.6918
20/80 [======>.......................] - ETA: 59s - loss: 0.3471 - acc: 0.8674 - dice: 0.7383 - iou: 0.6929
21/80 [======>.......................] - ETA: 1:02 - loss: 0.3462 - acc: 0.8674 - dice: 0.7392 - iou: 0.6970
22/80 [=======>......................] - ETA: 1:03 - loss: 0.3455 - acc: 0.8669 - dice: 0.7384 - iou: 0.6971
23/80 [=======>......................] - ETA: 1:05 - loss: 0.3438 - acc: 0.8692 - dice: 0.7442 - iou: 0.7085
24/80 [========>.....................] - ETA: 1:05 - loss: 0.3409 - acc: 0.8722 - dice: 0.7505 - iou: 0.7199
25/80 [========>.....................] - ETA: 1:07 - loss: 0.3385 - acc: 0.8750 - dice: 0.7565 - iou: 0.7300
26/80 [========>.....................] - ETA: 1:07 - loss: 0.3367 - acc: 0.8775 - dice: 0.7620 - iou: 0.7386
27/80 [=========>....................] - ETA: 1:08 - loss: 0.3337 - acc: 0.8804 - dice: 0.7679 - iou: 0.7464
28/80 [=========>....................] - ETA: 1:08 - loss: 0.3308 - acc: 0.8833 - dice: 0.7734 - iou: 0.7526
29/80 [=========>....................] - ETA: 1:08 - loss: 0.3279 - acc: 0.8861 - dice: 0.7790 - iou: 0.7591
30/80 [==========>...................] - ETA: 1:08 - loss: 0.3250 - acc: 0.8886 - dice: 0.7838 - iou: 0.7618
31/80 [==========>...................] - ETA: 1:08 - loss: 0.3223 - acc: 0.8909 - dice: 0.7881 - iou: 0.7628
32/80 [===========>..................] - ETA: 1:07 - loss: 0.3199 - acc: 0.8930 - dice: 0.7921 - iou: 0.7633
33/80 [===========>..................] - ETA: 1:07 - loss: 0.3172 - acc: 0.8950 - dice: 0.7955 - iou: 0.7625
34/80 [===========>..................] - ETA: 1:06 - loss: 0.3138 - acc: 0.8967 - dice: 0.7974 - iou: 0.7589
35/80 [============>.................] - ETA: 1:05 - loss: 0.3110 - acc: 0.8982 - dice: 0.7996 - iou: 0.7561
36/80 [============>.................] - ETA: 1:04 - loss: 0.3089 - acc: 0.8997 - dice: 0.8025 - iou: 0.7553
37/80 [============>.................] - ETA: 1:04 - loss: 0.3063 - acc: 0.9012 - dice: 0.8049 - iou: 0.7533
38/80 [=============>................] - ETA: 1:02 - loss: 0.3051 - acc: 0.9021 - dice: 0.8065 - iou: 0.7501
39/80 [=============>................] - ETA: 1:02 - loss: 0.3027 - acc: 0.9035 - dice: 0.8090 - iou: 0.7495
40/80 [==============>...............] - ETA: 1:00 - loss: 0.3004 - acc: 0.9048 - dice: 0.8109 - iou: 0.7476
41/80 [==============>...............] - ETA: 59s - loss: 0.3000 - acc: 0.9053 - dice: 0.8115 - iou: 0.7450 
42/80 [==============>...............] - ETA: 58s - loss: 0.2981 - acc: 0.9066 - dice: 0.8140 - iou: 0.7455
43/80 [===============>..............] - ETA: 57s - loss: 0.2963 - acc: 0.9079 - dice: 0.8166 - iou: 0.7465
44/80 [===============>..............] - ETA: 56s - loss: 0.2945 - acc: 0.9092 - dice: 0.8189 - iou: 0.7477
45/80 [===============>..............] - ETA: 55s - loss: 0.2928 - acc: 0.9103 - dice: 0.8209 - iou: 0.7478
46/80 [================>.............] - ETA: 53s - loss: 0.2907 - acc: 0.9116 - dice: 0.8233 - iou: 0.7495
47/80 [================>.............] - ETA: 52s - loss: 0.2894 - acc: 0.9128 - dice: 0.8257 - iou: 0.7512
48/80 [=================>............] - ETA: 51s - loss: 0.2880 - acc: 0.9139 - dice: 0.8277 - iou: 0.7525
49/80 [=================>............] - ETA: 50s - loss: 0.2868 - acc: 0.9149 - dice: 0.8296 - iou: 0.7536
50/80 [=================>............] - ETA: 48s - loss: 0.2853 - acc: 0.9159 - dice: 0.8315 - iou: 0.7554
51/80 [==================>...........] - ETA: 47s - loss: 0.2840 - acc: 0.9168 - dice: 0.8334 - iou: 0.7570
52/80 [==================>...........] - ETA: 46s - loss: 0.2827 - acc: 0.9178 - dice: 0.8352 - iou: 0.7582
53/80 [==================>...........] - ETA: 44s - loss: 0.2808 - acc: 0.9189 - dice: 0.8372 - iou: 0.7606
54/80 [===================>..........] - ETA: 43s - loss: 0.2795 - acc: 0.9198 - dice: 0.8390 - iou: 0.7621
55/80 [===================>..........] - ETA: 41s - loss: 0.2780 - acc: 0.9206 - dice: 0.8404 - iou: 0.7631
56/80 [====================>.........] - ETA: 40s - loss: 0.2770 - acc: 0.9214 - dice: 0.8421 - iou: 0.7641
57/80 [====================>.........] - ETA: 38s - loss: 0.2763 - acc: 0.9221 - dice: 0.8435 - iou: 0.7652
58/80 [====================>.........] - ETA: 37s - loss: 0.2754 - acc: 0.9228 - dice: 0.8449 - iou: 0.7657
59/80 [=====================>........] - ETA: 35s - loss: 0.2743 - acc: 0.9236 - dice: 0.8464 - iou: 0.7673
60/80 [=====================>........] - ETA: 34s - loss: 0.2737 - acc: 0.9243 - dice: 0.8479 - iou: 0.7686
61/80 [=====================>........] - ETA: 32s - loss: 0.2729 - acc: 0.9250 - dice: 0.8493 - iou: 0.7697
62/80 [======================>.......] - ETA: 31s - loss: 0.2723 - acc: 0.9256 - dice: 0.8506 - iou: 0.7704
63/80 [======================>.......] - ETA: 29s - loss: 0.2716 - acc: 0.9262 - dice: 0.8519 - iou: 0.7712
64/80 [=======================>......] - ETA: 28s - loss: 0.2702 - acc: 0.9269 - dice: 0.8528 - iou: 0.7713
65/80 [=======================>......] - ETA: 26s - loss: 0.2690 - acc: 0.9276 - dice: 0.8540 - iou: 0.7723
66/80 [=======================>......] - ETA: 24s - loss: 0.2682 - acc: 0.9281 - dice: 0.8552 - iou: 0.7733
67/80 [========================>.....] - ETA: 23s - loss: 0.2678 - acc: 0.9286 - dice: 0.8562 - iou: 0.7740
68/80 [========================>.....] - ETA: 21s - loss: 0.2669 - acc: 0.9292 - dice: 0.8574 - iou: 0.7753
69/80 [========================>.....] - ETA: 19s - loss: 0.2659 - acc: 0.9298 - dice: 0.8585 - iou: 0.7763
70/80 [=========================>....] - ETA: 17s - loss: 0.2657 - acc: 0.9303 - dice: 0.8595 - iou: 0.7770
71/80 [=========================>....] - ETA: 16s - loss: 0.2657 - acc: 0.9307 - dice: 0.8606 - iou: 0.7778
72/80 [==========================>...] - ETA: 14s - loss: 0.2650 - acc: 0.9312 - dice: 0.8617 - iou: 0.7790
73/80 [==========================>...] - ETA: 12s - loss: 0.2647 - acc: 0.9316 - dice: 0.8626 - iou: 0.7795
74/80 [==========================>...] - ETA: 10s - loss: 0.2639 - acc: 0.9322 - dice: 0.8637 - iou: 0.7805
75/80 [===========================>..] - ETA: 9s - loss: 0.2633 - acc: 0.9327 - dice: 0.8647 - iou: 0.7818 
76/80 [===========================>..] - ETA: 7s - loss: 0.2633 - acc: 0.9331 - dice: 0.8656 - iou: 0.7822
77/80 [===========================>..] - ETA: 5s - loss: 0.2624 - acc: 0.9336 - dice: 0.8664 - iou: 0.7832
78/80 [============================>.] - ETA: 3s - loss: 0.2619 - acc: 0.9339 - dice: 0.8672 - iou: 0.7838
79/80 [============================>.] - ETA: 1s - loss: 0.2613 - acc: 0.9343 - dice: 0.8680 - iou: 0.7846
80/80 [==============================] - 287s 4s/step - loss: 0.2607 - acc: 0.9348 - dice: 0.8690 - iou: 0.7859 - val_loss: 0.2801 - val_acc: 0.9279 - val_dice: 0.8386 - val_iou: 0.6267

Epoch 00007: val_loss did not improve from 0.27634
Epoch 8/50

 1/80 [..............................] - ETA: 24s - loss: 0.4026 - acc: 0.8552 - dice: 0.7039 - iou: 0.5793
 2/80 [..............................] - ETA: 23s - loss: 0.3985 - acc: 0.8632 - dice: 0.7160 - iou: 0.5729
 3/80 [>.............................] - ETA: 22s - loss: 0.4130 - acc: 0.8567 - dice: 0.6961 - iou: 0.5514
 4/80 [>.............................] - ETA: 22s - loss: 0.3983 - acc: 0.8646 - dice: 0.7165 - iou: 0.5716
 5/80 [>.............................] - ETA: 22s - loss: 0.4016 - acc: 0.8621 - dice: 0.7181 - iou: 0.5756
 6/80 [=>............................] - ETA: 21s - loss: 0.4002 - acc: 0.8651 - dice: 0.7309 - iou: 0.5949
 7/80 [=>............................] - ETA: 21s - loss: 0.3921 - acc: 0.8668 - dice: 0.7364 - iou: 0.6084
 8/80 [==>...........................] - ETA: 21s - loss: 0.3801 - acc: 0.8698 - dice: 0.7430 - iou: 0.6269
 9/80 [==>...........................] - ETA: 21s - loss: 0.3829 - acc: 0.8658 - dice: 0.7389 - iou: 0.6269
10/80 [==>...........................] - ETA: 20s - loss: 0.3771 - acc: 0.8678 - dice: 0.7452 - iou: 0.6426
11/80 [===>..........................] - ETA: 20s - loss: 0.3739 - acc: 0.8673 - dice: 0.7457 - iou: 0.6512
12/80 [===>..........................] - ETA: 20s - loss: 0.3723 - acc: 0.8657 - dice: 0.7448 - iou: 0.6583
13/80 [===>..........................] - ETA: 22s - loss: 0.3685 - acc: 0.8650 - dice: 0.7445 - iou: 0.6689
14/80 [====>.........................] - ETA: 30s - loss: 0.3682 - acc: 0.8641 - dice: 0.7468 - iou: 0.6777
15/80 [====>.........................] - ETA: 36s - loss: 0.3641 - acc: 0.8634 - dice: 0.7446 - iou: 0.6816
16/80 [=====>........................] - ETA: 41s - loss: 0.3610 - acc: 0.8644 - dice: 0.7475 - iou: 0.6925
17/80 [=====>........................] - ETA: 45s - loss: 0.3607 - acc: 0.8633 - dice: 0.7470 - iou: 0.6952
18/80 [=====>........................] - ETA: 50s - loss: 0.3614 - acc: 0.8618 - dice: 0.7461 - iou: 0.6964
19/80 [======>.......................] - ETA: 52s - loss: 0.3591 - acc: 0.8628 - dice: 0.7494 - iou: 0.7059
20/80 [======>.......................] - ETA: 56s - loss: 0.3561 - acc: 0.8632 - dice: 0.7498 - iou: 0.7132
21/80 [======>.......................] - ETA: 59s - loss: 0.3542 - acc: 0.8633 - dice: 0.7493 - iou: 0.7138
22/80 [=======>......................] - ETA: 59s - loss: 0.3544 - acc: 0.8618 - dice: 0.7474 - iou: 0.7118
23/80 [=======>......................] - ETA: 1:00 - loss: 0.3532 - acc: 0.8618 - dice: 0.7475 - iou: 0.7132
24/80 [========>.....................] - ETA: 1:02 - loss: 0.3489 - acc: 0.8652 - dice: 0.7529 - iou: 0.7229
25/80 [========>.....................] - ETA: 1:03 - loss: 0.3453 - acc: 0.8681 - dice: 0.7581 - iou: 0.7311
26/80 [========>.....................] - ETA: 1:05 - loss: 0.3424 - acc: 0.8714 - dice: 0.7641 - iou: 0.7384
27/80 [=========>....................] - ETA: 1:05 - loss: 0.3387 - acc: 0.8745 - dice: 0.7696 - iou: 0.7472
28/80 [=========>....................] - ETA: 1:06 - loss: 0.3348 - acc: 0.8770 - dice: 0.7731 - iou: 0.7522
29/80 [=========>....................] - ETA: 1:06 - loss: 0.3312 - acc: 0.8798 - dice: 0.7776 - iou: 0.7563
30/80 [==========>...................] - ETA: 1:06 - loss: 0.3274 - acc: 0.8827 - dice: 0.7825 - iou: 0.7617
31/80 [==========>...................] - ETA: 1:06 - loss: 0.3244 - acc: 0.8855 - dice: 0.7874 - iou: 0.7650
32/80 [===========>..................] - ETA: 1:05 - loss: 0.3211 - acc: 0.8881 - dice: 0.7920 - iou: 0.7688
33/80 [===========>..................] - ETA: 1:05 - loss: 0.3184 - acc: 0.8903 - dice: 0.7958 - iou: 0.7699
34/80 [===========>..................] - ETA: 1:04 - loss: 0.3162 - acc: 0.8921 - dice: 0.7988 - iou: 0.7685
35/80 [============>.................] - ETA: 1:04 - loss: 0.3144 - acc: 0.8937 - dice: 0.8014 - iou: 0.7668
36/80 [============>.................] - ETA: 1:03 - loss: 0.3118 - acc: 0.8955 - dice: 0.8044 - iou: 0.7661
37/80 [============>.................] - ETA: 1:02 - loss: 0.3085 - acc: 0.8973 - dice: 0.8070 - iou: 0.7645
38/80 [=============>................] - ETA: 1:02 - loss: 0.3065 - acc: 0.8987 - dice: 0.8093 - iou: 0.7626
39/80 [=============>................] - ETA: 1:01 - loss: 0.3046 - acc: 0.9000 - dice: 0.8115 - iou: 0.7609
40/80 [==============>...............] - ETA: 1:00 - loss: 0.3030 - acc: 0.9010 - dice: 0.8128 - iou: 0.7578
41/80 [==============>...............] - ETA: 59s - loss: 0.3024 - acc: 0.9015 - dice: 0.8129 - iou: 0.7526 
42/80 [==============>...............] - ETA: 58s - loss: 0.3003 - acc: 0.9027 - dice: 0.8145 - iou: 0.7504
43/80 [===============>..............] - ETA: 57s - loss: 0.2983 - acc: 0.9039 - dice: 0.8163 - iou: 0.7493
44/80 [===============>..............] - ETA: 55s - loss: 0.2960 - acc: 0.9053 - dice: 0.8187 - iou: 0.7497
45/80 [===============>..............] - ETA: 54s - loss: 0.2940 - acc: 0.9065 - dice: 0.8205 - iou: 0.7495
46/80 [================>.............] - ETA: 53s - loss: 0.2925 - acc: 0.9076 - dice: 0.8223 - iou: 0.7496
47/80 [================>.............] - ETA: 52s - loss: 0.2921 - acc: 0.9085 - dice: 0.8243 - iou: 0.7497
48/80 [=================>............] - ETA: 51s - loss: 0.2910 - acc: 0.9096 - dice: 0.8262 - iou: 0.7503
49/80 [=================>............] - ETA: 49s - loss: 0.2895 - acc: 0.9107 - dice: 0.8284 - iou: 0.7521
50/80 [=================>............] - ETA: 48s - loss: 0.2874 - acc: 0.9119 - dice: 0.8302 - iou: 0.7535
51/80 [==================>...........] - ETA: 46s - loss: 0.2863 - acc: 0.9130 - dice: 0.8322 - iou: 0.7547
52/80 [==================>...........] - ETA: 45s - loss: 0.2856 - acc: 0.9138 - dice: 0.8338 - iou: 0.7556
53/80 [==================>...........] - ETA: 43s - loss: 0.2850 - acc: 0.9147 - dice: 0.8355 - iou: 0.7572
54/80 [===================>..........] - ETA: 42s - loss: 0.2854 - acc: 0.9151 - dice: 0.8365 - iou: 0.7578
55/80 [===================>..........] - ETA: 40s - loss: 0.2840 - acc: 0.9161 - dice: 0.8385 - iou: 0.7602
56/80 [====================>.........] - ETA: 39s - loss: 0.2828 - acc: 0.9171 - dice: 0.8404 - iou: 0.7625
57/80 [====================>.........] - ETA: 37s - loss: 0.2818 - acc: 0.9181 - dice: 0.8423 - iou: 0.7647
58/80 [====================>.........] - ETA: 36s - loss: 0.2802 - acc: 0.9190 - dice: 0.8439 - iou: 0.7668
59/80 [=====================>........] - ETA: 34s - loss: 0.2791 - acc: 0.9199 - dice: 0.8456 - iou: 0.7688
60/80 [=====================>........] - ETA: 33s - loss: 0.2782 - acc: 0.9208 - dice: 0.8472 - iou: 0.7705
61/80 [=====================>........] - ETA: 31s - loss: 0.2769 - acc: 0.9216 - dice: 0.8486 - iou: 0.7718
62/80 [======================>.......] - ETA: 30s - loss: 0.2759 - acc: 0.9224 - dice: 0.8502 - iou: 0.7734
63/80 [======================>.......] - ETA: 29s - loss: 0.2751 - acc: 0.9230 - dice: 0.8514 - iou: 0.7743
64/80 [=======================>......] - ETA: 27s - loss: 0.2741 - acc: 0.9237 - dice: 0.8527 - iou: 0.7753
65/80 [=======================>......] - ETA: 25s - loss: 0.2736 - acc: 0.9243 - dice: 0.8538 - iou: 0.7760
66/80 [=======================>......] - ETA: 24s - loss: 0.2726 - acc: 0.9250 - dice: 0.8550 - iou: 0.7773
67/80 [========================>.....] - ETA: 22s - loss: 0.2728 - acc: 0.9254 - dice: 0.8560 - iou: 0.7775
68/80 [========================>.....] - ETA: 20s - loss: 0.2722 - acc: 0.9259 - dice: 0.8570 - iou: 0.7779
69/80 [========================>.....] - ETA: 19s - loss: 0.2711 - acc: 0.9265 - dice: 0.8578 - iou: 0.7779
70/80 [=========================>....] - ETA: 17s - loss: 0.2704 - acc: 0.9270 - dice: 0.8588 - iou: 0.7784
71/80 [=========================>....] - ETA: 15s - loss: 0.2697 - acc: 0.9276 - dice: 0.8598 - iou: 0.7793
72/80 [==========================>...] - ETA: 14s - loss: 0.2688 - acc: 0.9281 - dice: 0.8608 - iou: 0.7798
73/80 [==========================>...] - ETA: 12s - loss: 0.2685 - acc: 0.9285 - dice: 0.8616 - iou: 0.7800
74/80 [==========================>...] - ETA: 10s - loss: 0.2675 - acc: 0.9290 - dice: 0.8624 - iou: 0.7805
75/80 [===========================>..] - ETA: 8s - loss: 0.2667 - acc: 0.9296 - dice: 0.8634 - iou: 0.7813 
76/80 [===========================>..] - ETA: 7s - loss: 0.2660 - acc: 0.9301 - dice: 0.8643 - iou: 0.7819
77/80 [===========================>..] - ETA: 5s - loss: 0.2656 - acc: 0.9305 - dice: 0.8650 - iou: 0.7820
78/80 [============================>.] - ETA: 3s - loss: 0.2646 - acc: 0.9309 - dice: 0.8656 - iou: 0.7819
79/80 [============================>.] - ETA: 1s - loss: 0.2639 - acc: 0.9314 - dice: 0.8665 - iou: 0.7825
80/80 [==============================] - 288s 4s/step - loss: 0.2629 - acc: 0.9319 - dice: 0.8672 - iou: 0.7836 - val_loss: 0.2848 - val_acc: 0.9258 - val_dice: 0.8343 - val_iou: 0.6217

Epoch 00008: val_loss did not improve from 0.27634
Epoch 9/50

 1/80 [..............................] - ETA: 23s - loss: 0.3911 - acc: 0.8735 - dice: 0.7163 - iou: 0.5630
 2/80 [..............................] - ETA: 22s - loss: 0.3837 - acc: 0.8672 - dice: 0.6986 - iou: 0.5745
 3/80 [>.............................] - ETA: 22s - loss: 0.3678 - acc: 0.8694 - dice: 0.6945 - iou: 0.5633
 4/80 [>.............................] - ETA: 22s - loss: 0.3751 - acc: 0.8695 - dice: 0.6985 - iou: 0.5636
 5/80 [>.............................] - ETA: 22s - loss: 0.3793 - acc: 0.8689 - dice: 0.7013 - iou: 0.5696
 6/80 [=>............................] - ETA: 21s - loss: 0.3751 - acc: 0.8733 - dice: 0.7186 - iou: 0.5983
 7/80 [=>............................] - ETA: 21s - loss: 0.3741 - acc: 0.8726 - dice: 0.7235 - iou: 0.6040
 8/80 [==>...........................] - ETA: 21s - loss: 0.3642 - acc: 0.8786 - dice: 0.7403 - iou: 0.6283
 9/80 [==>...........................] - ETA: 21s - loss: 0.3642 - acc: 0.8756 - dice: 0.7376 - iou: 0.6310
10/80 [==>...........................] - ETA: 20s - loss: 0.3607 - acc: 0.8764 - dice: 0.7434 - iou: 0.6432
11/80 [===>..........................] - ETA: 20s - loss: 0.3530 - acc: 0.8793 - dice: 0.7514 - iou: 0.6613
12/80 [===>..........................] - ETA: 20s - loss: 0.3498 - acc: 0.8776 - dice: 0.7468 - iou: 0.6613
13/80 [===>..........................] - ETA: 25s - loss: 0.3453 - acc: 0.8782 - dice: 0.7494 - iou: 0.6711
14/80 [====>.........................] - ETA: 33s - loss: 0.3417 - acc: 0.8788 - dice: 0.7506 - iou: 0.6769
15/80 [====>.........................] - ETA: 41s - loss: 0.3416 - acc: 0.8760 - dice: 0.7467 - iou: 0.6744
16/80 [=====>........................] - ETA: 48s - loss: 0.3450 - acc: 0.8727 - dice: 0.7445 - iou: 0.6731
17/80 [=====>........................] - ETA: 52s - loss: 0.3410 - acc: 0.8744 - dice: 0.7481 - iou: 0.6820
18/80 [=====>........................] - ETA: 55s - loss: 0.3394 - acc: 0.8746 - dice: 0.7489 - iou: 0.6859
19/80 [======>.......................] - ETA: 58s - loss: 0.3383 - acc: 0.8737 - dice: 0.7479 - iou: 0.6882
20/80 [======>.......................] - ETA: 1:01 - loss: 0.3403 - acc: 0.8714 - dice: 0.7459 - iou: 0.6871
21/80 [======>.......................] - ETA: 1:04 - loss: 0.3386 - acc: 0.8718 - dice: 0.7474 - iou: 0.6925
22/80 [=======>......................] - ETA: 1:07 - loss: 0.3396 - acc: 0.8703 - dice: 0.7462 - iou: 0.6936
23/80 [=======>......................] - ETA: 1:09 - loss: 0.3367 - acc: 0.8726 - dice: 0.7510 - iou: 0.7063
24/80 [========>.....................] - ETA: 1:09 - loss: 0.3340 - acc: 0.8752 - dice: 0.7562 - iou: 0.7177
25/80 [========>.....................] - ETA: 1:09 - loss: 0.3307 - acc: 0.8780 - dice: 0.7612 - iou: 0.7274
26/80 [========>.....................] - ETA: 1:10 - loss: 0.3281 - acc: 0.8806 - dice: 0.7666 - iou: 0.7361
27/80 [=========>....................] - ETA: 1:10 - loss: 0.3256 - acc: 0.8826 - dice: 0.7706 - iou: 0.7440
28/80 [=========>....................] - ETA: 1:11 - loss: 0.3232 - acc: 0.8850 - dice: 0.7754 - iou: 0.7513
29/80 [=========>....................] - ETA: 1:11 - loss: 0.3208 - acc: 0.8873 - dice: 0.7800 - iou: 0.7566
30/80 [==========>...................] - ETA: 1:11 - loss: 0.3183 - acc: 0.8898 - dice: 0.7848 - iou: 0.7616
31/80 [==========>...................] - ETA: 1:10 - loss: 0.3159 - acc: 0.8921 - dice: 0.7895 - iou: 0.7663
32/80 [===========>..................] - ETA: 1:10 - loss: 0.3141 - acc: 0.8943 - dice: 0.7939 - iou: 0.7691
33/80 [===========>..................] - ETA: 1:09 - loss: 0.3117 - acc: 0.8963 - dice: 0.7978 - iou: 0.7709
34/80 [===========>..................] - ETA: 1:09 - loss: 0.3094 - acc: 0.8983 - dice: 0.8017 - iou: 0.7721
35/80 [============>.................] - ETA: 1:08 - loss: 0.3071 - acc: 0.9002 - dice: 0.8051 - iou: 0.7726
36/80 [============>.................] - ETA: 1:07 - loss: 0.3054 - acc: 0.9016 - dice: 0.8078 - iou: 0.7717
37/80 [============>.................] - ETA: 1:06 - loss: 0.3027 - acc: 0.9033 - dice: 0.8109 - iou: 0.7718
38/80 [=============>................] - ETA: 1:05 - loss: 0.3007 - acc: 0.9046 - dice: 0.8128 - iou: 0.7696
39/80 [=============>................] - ETA: 1:04 - loss: 0.2992 - acc: 0.9056 - dice: 0.8147 - iou: 0.7672
40/80 [==============>...............] - ETA: 1:03 - loss: 0.2972 - acc: 0.9068 - dice: 0.8167 - iou: 0.7653
41/80 [==============>...............] - ETA: 1:02 - loss: 0.2968 - acc: 0.9077 - dice: 0.8190 - iou: 0.7646
42/80 [==============>...............] - ETA: 1:01 - loss: 0.2956 - acc: 0.9087 - dice: 0.8209 - iou: 0.7633
43/80 [===============>..............] - ETA: 59s - loss: 0.2936 - acc: 0.9097 - dice: 0.8223 - iou: 0.7610 
44/80 [===============>..............] - ETA: 58s - loss: 0.2919 - acc: 0.9109 - dice: 0.8245 - iou: 0.7610
45/80 [===============>..............] - ETA: 56s - loss: 0.2897 - acc: 0.9120 - dice: 0.8261 - iou: 0.7599
46/80 [================>.............] - ETA: 55s - loss: 0.2882 - acc: 0.9132 - dice: 0.8284 - iou: 0.7607
47/80 [================>.............] - ETA: 54s - loss: 0.2864 - acc: 0.9142 - dice: 0.8302 - iou: 0.7609
48/80 [=================>............] - ETA: 52s - loss: 0.2845 - acc: 0.9153 - dice: 0.8321 - iou: 0.7614
49/80 [=================>............] - ETA: 51s - loss: 0.2831 - acc: 0.9162 - dice: 0.8337 - iou: 0.7616
50/80 [=================>............] - ETA: 49s - loss: 0.2818 - acc: 0.9171 - dice: 0.8355 - iou: 0.7627
51/80 [==================>...........] - ETA: 48s - loss: 0.2804 - acc: 0.9182 - dice: 0.8375 - iou: 0.7639
52/80 [==================>...........] - ETA: 46s - loss: 0.2789 - acc: 0.9190 - dice: 0.8390 - iou: 0.7639
53/80 [==================>...........] - ETA: 45s - loss: 0.2777 - acc: 0.9199 - dice: 0.8407 - iou: 0.7656
54/80 [===================>..........] - ETA: 43s - loss: 0.2764 - acc: 0.9208 - dice: 0.8425 - iou: 0.7674
55/80 [===================>..........] - ETA: 42s - loss: 0.2751 - acc: 0.9218 - dice: 0.8443 - iou: 0.7690
56/80 [====================>.........] - ETA: 40s - loss: 0.2743 - acc: 0.9226 - dice: 0.8459 - iou: 0.7707
57/80 [====================>.........] - ETA: 39s - loss: 0.2736 - acc: 0.9233 - dice: 0.8475 - iou: 0.7723
58/80 [====================>.........] - ETA: 37s - loss: 0.2725 - acc: 0.9241 - dice: 0.8489 - iou: 0.7734
59/80 [=====================>........] - ETA: 36s - loss: 0.2718 - acc: 0.9247 - dice: 0.8501 - iou: 0.7744
60/80 [=====================>........] - ETA: 34s - loss: 0.2708 - acc: 0.9254 - dice: 0.8515 - iou: 0.7759
61/80 [=====================>........] - ETA: 32s - loss: 0.2701 - acc: 0.9259 - dice: 0.8523 - iou: 0.7766
62/80 [======================>.......] - ETA: 31s - loss: 0.2695 - acc: 0.9265 - dice: 0.8534 - iou: 0.7771
63/80 [======================>.......] - ETA: 29s - loss: 0.2694 - acc: 0.9270 - dice: 0.8545 - iou: 0.7776
64/80 [=======================>......] - ETA: 28s - loss: 0.2684 - acc: 0.9276 - dice: 0.8555 - iou: 0.7780
65/80 [=======================>......] - ETA: 26s - loss: 0.2681 - acc: 0.9281 - dice: 0.8565 - iou: 0.7788
66/80 [=======================>......] - ETA: 24s - loss: 0.2670 - acc: 0.9287 - dice: 0.8577 - iou: 0.7804
67/80 [========================>.....] - ETA: 23s - loss: 0.2668 - acc: 0.9292 - dice: 0.8587 - iou: 0.7811
68/80 [========================>.....] - ETA: 21s - loss: 0.2665 - acc: 0.9297 - dice: 0.8598 - iou: 0.7822
69/80 [========================>.....] - ETA: 19s - loss: 0.2657 - acc: 0.9303 - dice: 0.8610 - iou: 0.7837
70/80 [=========================>....] - ETA: 18s - loss: 0.2651 - acc: 0.9309 - dice: 0.8623 - iou: 0.7854
71/80 [=========================>....] - ETA: 16s - loss: 0.2646 - acc: 0.9314 - dice: 0.8633 - iou: 0.7866
72/80 [==========================>...] - ETA: 14s - loss: 0.2642 - acc: 0.9318 - dice: 0.8640 - iou: 0.7867
73/80 [==========================>...] - ETA: 12s - loss: 0.2632 - acc: 0.9322 - dice: 0.8646 - iou: 0.7878
74/80 [==========================>...] - ETA: 10s - loss: 0.2622 - acc: 0.9327 - dice: 0.8655 - iou: 0.7889
75/80 [===========================>..] - ETA: 9s - loss: 0.2618 - acc: 0.9331 - dice: 0.8664 - iou: 0.7895 
76/80 [===========================>..] - ETA: 7s - loss: 0.2612 - acc: 0.9336 - dice: 0.8673 - iou: 0.7904
77/80 [===========================>..] - ETA: 5s - loss: 0.2605 - acc: 0.9341 - dice: 0.8683 - iou: 0.7911
78/80 [============================>.] - ETA: 3s - loss: 0.2602 - acc: 0.9344 - dice: 0.8691 - iou: 0.7920
79/80 [============================>.] - ETA: 1s - loss: 0.2598 - acc: 0.9349 - dice: 0.8700 - iou: 0.7931
80/80 [==============================] - 288s 4s/step - loss: 0.2595 - acc: 0.9352 - dice: 0.8705 - iou: 0.7931 - val_loss: 0.2859 - val_acc: 0.9245 - val_dice: 0.8289 - val_iou: 0.6064

Epoch 00009: val_loss did not improve from 0.27634
Epoch 10/50

 1/80 [..............................] - ETA: 23s - loss: 0.3111 - acc: 0.9132 - dice: 0.8302 - iou: 0.7099
 2/80 [..............................] - ETA: 23s - loss: 0.2988 - acc: 0.9142 - dice: 0.8220 - iou: 0.7001
 3/80 [>.............................] - ETA: 22s - loss: 0.3450 - acc: 0.8974 - dice: 0.7974 - iou: 0.6616
 4/80 [>.............................] - ETA: 22s - loss: 0.3382 - acc: 0.8976 - dice: 0.7931 - iou: 0.6578
 5/80 [>.............................] - ETA: 22s - loss: 0.3532 - acc: 0.8954 - dice: 0.7887 - iou: 0.6489
 6/80 [=>............................] - ETA: 21s - loss: 0.3676 - acc: 0.8872 - dice: 0.7726 - iou: 0.6282
 7/80 [=>............................] - ETA: 21s - loss: 0.3699 - acc: 0.8840 - dice: 0.7655 - iou: 0.6214
 8/80 [==>...........................] - ETA: 21s - loss: 0.3608 - acc: 0.8875 - dice: 0.7729 - iou: 0.6392
 9/80 [==>...........................] - ETA: 20s - loss: 0.3519 - acc: 0.8926 - dice: 0.7848 - iou: 0.6573
10/80 [==>...........................] - ETA: 20s - loss: 0.3473 - acc: 0.8935 - dice: 0.7877 - iou: 0.6653
11/80 [===>..........................] - ETA: 20s - loss: 0.3450 - acc: 0.8924 - dice: 0.7870 - iou: 0.6696
12/80 [===>..........................] - ETA: 20s - loss: 0.3421 - acc: 0.8911 - dice: 0.7835 - iou: 0.6733
13/80 [===>..........................] - ETA: 25s - loss: 0.3456 - acc: 0.8874 - dice: 0.7806 - iou: 0.6742
14/80 [====>.........................] - ETA: 34s - loss: 0.3409 - acc: 0.8877 - dice: 0.7809 - iou: 0.6804
15/80 [====>.........................] - ETA: 40s - loss: 0.3417 - acc: 0.8842 - dice: 0.7750 - iou: 0.6785
16/80 [=====>........................] - ETA: 45s - loss: 0.3410 - acc: 0.8829 - dice: 0.7729 - iou: 0.6821
17/80 [=====>........................] - ETA: 49s - loss: 0.3399 - acc: 0.8817 - dice: 0.7700 - iou: 0.6821
18/80 [=====>........................] - ETA: 54s - loss: 0.3386 - acc: 0.8804 - dice: 0.7655 - iou: 0.6826
19/80 [======>.......................] - ETA: 56s - loss: 0.3383 - acc: 0.8800 - dice: 0.7662 - iou: 0.6862
20/80 [======>.......................] - ETA: 59s - loss: 0.3367 - acc: 0.8808 - dice: 0.7691 - iou: 0.6927
21/80 [======>.......................] - ETA: 1:01 - loss: 0.3385 - acc: 0.8783 - dice: 0.7654 - iou: 0.6918
22/80 [=======>......................] - ETA: 1:02 - loss: 0.3367 - acc: 0.8789 - dice: 0.7670 - iou: 0.6996
23/80 [=======>......................] - ETA: 1:04 - loss: 0.3340 - acc: 0.8808 - dice: 0.7712 - iou: 0.7121
24/80 [========>.....................] - ETA: 1:04 - loss: 0.3317 - acc: 0.8831 - dice: 0.7762 - iou: 0.7232
25/80 [========>.....................] - ETA: 1:05 - loss: 0.3284 - acc: 0.8852 - dice: 0.7795 - iou: 0.7335
26/80 [========>.....................] - ETA: 1:05 - loss: 0.3253 - acc: 0.8876 - dice: 0.7842 - iou: 0.7422
27/80 [=========>....................] - ETA: 1:05 - loss: 0.3230 - acc: 0.8898 - dice: 0.7883 - iou: 0.7480
28/80 [=========>....................] - ETA: 1:06 - loss: 0.3194 - acc: 0.8922 - dice: 0.7925 - iou: 0.7548
29/80 [=========>....................] - ETA: 1:07 - loss: 0.3163 - acc: 0.8946 - dice: 0.7968 - iou: 0.7620
30/80 [==========>...................] - ETA: 1:07 - loss: 0.3136 - acc: 0.8967 - dice: 0.8003 - iou: 0.7666
31/80 [==========>...................] - ETA: 1:06 - loss: 0.3107 - acc: 0.8989 - dice: 0.8045 - iou: 0.7704
32/80 [===========>..................] - ETA: 1:05 - loss: 0.3074 - acc: 0.9012 - dice: 0.8086 - iou: 0.7738
33/80 [===========>..................] - ETA: 1:05 - loss: 0.3045 - acc: 0.9033 - dice: 0.8124 - iou: 0.7767
34/80 [===========>..................] - ETA: 1:04 - loss: 0.3016 - acc: 0.9051 - dice: 0.8156 - iou: 0.7773
35/80 [============>.................] - ETA: 1:04 - loss: 0.3000 - acc: 0.9066 - dice: 0.8184 - iou: 0.7767
36/80 [============>.................] - ETA: 1:04 - loss: 0.2976 - acc: 0.9083 - dice: 0.8216 - iou: 0.7776
37/80 [============>.................] - ETA: 1:03 - loss: 0.2960 - acc: 0.9096 - dice: 0.8241 - iou: 0.7769
38/80 [=============>................] - ETA: 1:02 - loss: 0.2951 - acc: 0.9106 - dice: 0.8260 - iou: 0.7751
39/80 [=============>................] - ETA: 1:01 - loss: 0.2928 - acc: 0.9116 - dice: 0.8273 - iou: 0.7727
40/80 [==============>...............] - ETA: 1:00 - loss: 0.2916 - acc: 0.9125 - dice: 0.8291 - iou: 0.7708
41/80 [==============>...............] - ETA: 59s - loss: 0.2905 - acc: 0.9129 - dice: 0.8292 - iou: 0.7656 
42/80 [==============>...............] - ETA: 58s - loss: 0.2885 - acc: 0.9139 - dice: 0.8305 - iou: 0.7634
43/80 [===============>..............] - ETA: 57s - loss: 0.2871 - acc: 0.9146 - dice: 0.8314 - iou: 0.7608
44/80 [===============>..............] - ETA: 56s - loss: 0.2866 - acc: 0.9152 - dice: 0.8325 - iou: 0.7586
45/80 [===============>..............] - ETA: 55s - loss: 0.2853 - acc: 0.9161 - dice: 0.8340 - iou: 0.7576
46/80 [================>.............] - ETA: 53s - loss: 0.2836 - acc: 0.9172 - dice: 0.8360 - iou: 0.7581
47/80 [================>.............] - ETA: 52s - loss: 0.2818 - acc: 0.9182 - dice: 0.8380 - iou: 0.7590
48/80 [=================>............] - ETA: 51s - loss: 0.2801 - acc: 0.9192 - dice: 0.8396 - iou: 0.7592
49/80 [=================>............] - ETA: 49s - loss: 0.2783 - acc: 0.9202 - dice: 0.8413 - iou: 0.7602
50/80 [=================>............] - ETA: 48s - loss: 0.2776 - acc: 0.9210 - dice: 0.8430 - iou: 0.7611
51/80 [==================>...........] - ETA: 47s - loss: 0.2766 - acc: 0.9218 - dice: 0.8447 - iou: 0.7623
52/80 [==================>...........] - ETA: 45s - loss: 0.2756 - acc: 0.9228 - dice: 0.8466 - iou: 0.7646
53/80 [==================>...........] - ETA: 44s - loss: 0.2744 - acc: 0.9237 - dice: 0.8485 - iou: 0.7669
54/80 [===================>..........] - ETA: 42s - loss: 0.2731 - acc: 0.9246 - dice: 0.8500 - iou: 0.7687
55/80 [===================>..........] - ETA: 41s - loss: 0.2722 - acc: 0.9254 - dice: 0.8513 - iou: 0.7699
56/80 [====================>.........] - ETA: 39s - loss: 0.2710 - acc: 0.9262 - dice: 0.8530 - iou: 0.7722
57/80 [====================>.........] - ETA: 38s - loss: 0.2702 - acc: 0.9270 - dice: 0.8546 - iou: 0.7739
58/80 [====================>.........] - ETA: 36s - loss: 0.2690 - acc: 0.9278 - dice: 0.8561 - iou: 0.7758
59/80 [=====================>........] - ETA: 35s - loss: 0.2681 - acc: 0.9285 - dice: 0.8575 - iou: 0.7777
60/80 [=====================>........] - ETA: 33s - loss: 0.2671 - acc: 0.9292 - dice: 0.8587 - iou: 0.7788
61/80 [=====================>........] - ETA: 32s - loss: 0.2671 - acc: 0.9296 - dice: 0.8597 - iou: 0.7790
62/80 [======================>.......] - ETA: 30s - loss: 0.2664 - acc: 0.9301 - dice: 0.8608 - iou: 0.7794
63/80 [======================>.......] - ETA: 29s - loss: 0.2658 - acc: 0.9307 - dice: 0.8619 - iou: 0.7801
64/80 [=======================>......] - ETA: 27s - loss: 0.2654 - acc: 0.9311 - dice: 0.8628 - iou: 0.7810
65/80 [=======================>......] - ETA: 25s - loss: 0.2652 - acc: 0.9315 - dice: 0.8636 - iou: 0.7808
66/80 [=======================>......] - ETA: 24s - loss: 0.2648 - acc: 0.9320 - dice: 0.8648 - iou: 0.7820
67/80 [========================>.....] - ETA: 22s - loss: 0.2637 - acc: 0.9326 - dice: 0.8657 - iou: 0.7828
68/80 [========================>.....] - ETA: 20s - loss: 0.2628 - acc: 0.9331 - dice: 0.8667 - iou: 0.7840
69/80 [========================>.....] - ETA: 19s - loss: 0.2620 - acc: 0.9335 - dice: 0.8674 - iou: 0.7847
70/80 [=========================>....] - ETA: 17s - loss: 0.2614 - acc: 0.9340 - dice: 0.8683 - iou: 0.7856
71/80 [=========================>....] - ETA: 15s - loss: 0.2609 - acc: 0.9345 - dice: 0.8693 - iou: 0.7865
72/80 [==========================>...] - ETA: 14s - loss: 0.2604 - acc: 0.9349 - dice: 0.8700 - iou: 0.7867
73/80 [==========================>...] - ETA: 12s - loss: 0.2600 - acc: 0.9353 - dice: 0.8708 - iou: 0.7875
74/80 [==========================>...] - ETA: 10s - loss: 0.2595 - acc: 0.9358 - dice: 0.8719 - iou: 0.7888
75/80 [===========================>..] - ETA: 8s - loss: 0.2584 - acc: 0.9363 - dice: 0.8727 - iou: 0.7904 
76/80 [===========================>..] - ETA: 7s - loss: 0.2576 - acc: 0.9367 - dice: 0.8736 - iou: 0.7916
77/80 [===========================>..] - ETA: 5s - loss: 0.2579 - acc: 0.9369 - dice: 0.8741 - iou: 0.7914
78/80 [============================>.] - ETA: 3s - loss: 0.2570 - acc: 0.9374 - dice: 0.8750 - iou: 0.7926
79/80 [============================>.] - ETA: 1s - loss: 0.2568 - acc: 0.9377 - dice: 0.8755 - iou: 0.7924